[0.299s] DEBUG:colcon:Command line arguments: ['/usr/bin/colcon', 'build', '--symlink-install', '--packages-select', 'gazebo_ros_pkgs']
[0.300s] DEBUG:colcon:Parsed command line arguments: Namespace(log_base=None, log_level=None, verb_name='build', build_base='build', install_base='install', merge_install=False, symlink_install=True, test_result_base=None, continue_on_error=False, executor='parallel', parallel_workers=8, event_handlers=None, ignore_user_meta=False, metas=['./colcon.meta'], base_paths=['.'], packages_ignore=None, packages_ignore_regex=None, paths=None, packages_up_to=None, packages_up_to_regex=None, packages_above=None, packages_above_and_dependencies=None, packages_above_depth=None, packages_select_by_dep=None, packages_skip_by_dep=None, packages_skip_up_to=None, packages_select_build_failed=False, packages_skip_build_finished=False, packages_select_test_failures=False, packages_skip_test_passed=False, packages_select=['gazebo_ros_pkgs'], packages_skip=None, packages_select_regex=None, packages_skip_regex=None, packages_start=None, packages_end=None, allow_overriding=[], cmake_args=None, cmake_target=None, cmake_target_skip_unavailable=False, cmake_clean_cache=False, cmake_clean_first=False, cmake_force_configure=False, ament_cmake_args=None, catkin_cmake_args=None, catkin_skip_building_tests=False, verb_parser=<colcon_defaults.argument_parser.defaults.DefaultArgumentsDecorator object at 0x75fcf30082c0>, verb_extension=<colcon_core.verb.build.BuildVerb object at 0x75fcf3d52330>, main=<bound method BuildVerb.main of <colcon_core.verb.build.BuildVerb object at 0x75fcf3d52330>>)
[0.348s] Level 1:colcon.colcon_core.package_discovery:discover_packages(colcon_meta) check parameters
[0.348s] Level 1:colcon.colcon_core.package_discovery:discover_packages(recursive) check parameters
[0.348s] Level 1:colcon.colcon_core.package_discovery:discover_packages(ignore) check parameters
[0.348s] Level 1:colcon.colcon_core.package_discovery:discover_packages(path) check parameters
[0.348s] Level 1:colcon.colcon_core.package_discovery:discover_packages(colcon_meta) discover
[0.348s] Level 1:colcon.colcon_core.package_discovery:discover_packages(recursive) discover
[0.348s] INFO:colcon.colcon_core.package_discovery:Crawling recursively for packages in '/home/ahmed/nao_ws'
[0.348s] Level 1:colcon.colcon_core.package_identification:_identify(.) by extensions ['ignore', 'ignore_ament_install']
[0.348s] Level 1:colcon.colcon_core.package_identification:_identify(.) by extension 'ignore'
[0.348s] Level 1:colcon.colcon_core.package_identification:_identify(.) by extension 'ignore_ament_install'
[0.348s] Level 1:colcon.colcon_core.package_identification:_identify(.) by extensions ['colcon_pkg']
[0.348s] Level 1:colcon.colcon_core.package_identification:_identify(.) by extension 'colcon_pkg'
[0.349s] Level 1:colcon.colcon_core.package_identification:_identify(.) by extensions ['colcon_meta']
[0.349s] Level 1:colcon.colcon_core.package_identification:_identify(.) by extension 'colcon_meta'
[0.349s] Level 1:colcon.colcon_core.package_identification:_identify(.) by extensions ['ros']
[0.349s] Level 1:colcon.colcon_core.package_identification:_identify(.) by extension 'ros'
[0.375s] Level 1:colcon.colcon_core.package_identification:_identify(.) by extensions ['cmake', 'python']
[0.375s] Level 1:colcon.colcon_core.package_identification:_identify(.) by extension 'cmake'
[0.375s] Level 1:colcon.colcon_core.package_identification:_identify(.) by extension 'python'
[0.375s] Level 1:colcon.colcon_core.package_identification:_identify(.) by extensions ['python_setup_py']
[0.375s] Level 1:colcon.colcon_core.package_identification:_identify(.) by extension 'python_setup_py'
[0.375s] Level 1:colcon.colcon_core.package_identification:_identify(build) by extensions ['ignore', 'ignore_ament_install']
[0.375s] Level 1:colcon.colcon_core.package_identification:_identify(build) by extension 'ignore'
[0.375s] Level 1:colcon.colcon_core.package_identification:_identify(build) ignored
[0.375s] Level 1:colcon.colcon_core.package_identification:_identify(install) by extensions ['ignore', 'ignore_ament_install']
[0.376s] Level 1:colcon.colcon_core.package_identification:_identify(install) by extension 'ignore'
[0.376s] Level 1:colcon.colcon_core.package_identification:_identify(install) ignored
[0.376s] Level 1:colcon.colcon_core.package_identification:_identify(log) by extensions ['ignore', 'ignore_ament_install']
[0.376s] Level 1:colcon.colcon_core.package_identification:_identify(log) by extension 'ignore'
[0.376s] Level 1:colcon.colcon_core.package_identification:_identify(log) ignored
[0.376s] Level 1:colcon.colcon_core.package_identification:_identify(src) by extensions ['ignore', 'ignore_ament_install']
[0.376s] Level 1:colcon.colcon_core.package_identification:_identify(src) by extension 'ignore'
[0.376s] Level 1:colcon.colcon_core.package_identification:_identify(src) by extension 'ignore_ament_install'
[0.376s] Level 1:colcon.colcon_core.package_identification:_identify(src) by extensions ['colcon_pkg']
[0.376s] Level 1:colcon.colcon_core.package_identification:_identify(src) by extension 'colcon_pkg'
[0.376s] Level 1:colcon.colcon_core.package_identification:_identify(src) by extensions ['colcon_meta']
[0.376s] Level 1:colcon.colcon_core.package_identification:_identify(src) by extension 'colcon_meta'
[0.377s] Level 1:colcon.colcon_core.package_identification:_identify(src) by extensions ['ros']
[0.377s] Level 1:colcon.colcon_core.package_identification:_identify(src) by extension 'ros'
[0.377s] Level 1:colcon.colcon_core.package_identification:_identify(src) by extensions ['cmake', 'python']
[0.377s] Level 1:colcon.colcon_core.package_identification:_identify(src) by extension 'cmake'
[0.377s] Level 1:colcon.colcon_core.package_identification:_identify(src) by extension 'python'
[0.377s] Level 1:colcon.colcon_core.package_identification:_identify(src) by extensions ['python_setup_py']
[0.377s] Level 1:colcon.colcon_core.package_identification:_identify(src) by extension 'python_setup_py'
[0.377s] Level 1:colcon.colcon_core.package_identification:_identify(src/gazebo_ros_pkgs) by extensions ['ignore', 'ignore_ament_install']
[0.377s] Level 1:colcon.colcon_core.package_identification:_identify(src/gazebo_ros_pkgs) by extension 'ignore'
[0.377s] Level 1:colcon.colcon_core.package_identification:_identify(src/gazebo_ros_pkgs) by extension 'ignore_ament_install'
[0.377s] Level 1:colcon.colcon_core.package_identification:_identify(src/gazebo_ros_pkgs) by extensions ['colcon_pkg']
[0.377s] Level 1:colcon.colcon_core.package_identification:_identify(src/gazebo_ros_pkgs) by extension 'colcon_pkg'
[0.377s] Level 1:colcon.colcon_core.package_identification:_identify(src/gazebo_ros_pkgs) by extensions ['colcon_meta']
[0.377s] Level 1:colcon.colcon_core.package_identification:_identify(src/gazebo_ros_pkgs) by extension 'colcon_meta'
[0.377s] Level 1:colcon.colcon_core.package_identification:_identify(src/gazebo_ros_pkgs) by extensions ['ros']
[0.377s] Level 1:colcon.colcon_core.package_identification:_identify(src/gazebo_ros_pkgs) by extension 'ros'
[0.377s] Level 1:colcon.colcon_core.package_identification:_identify(src/gazebo_ros_pkgs) by extensions ['cmake', 'python']
[0.377s] Level 1:colcon.colcon_core.package_identification:_identify(src/gazebo_ros_pkgs) by extension 'cmake'
[0.377s] Level 1:colcon.colcon_core.package_identification:_identify(src/gazebo_ros_pkgs) by extension 'python'
[0.377s] Level 1:colcon.colcon_core.package_identification:_identify(src/gazebo_ros_pkgs) by extensions ['python_setup_py']
[0.377s] Level 1:colcon.colcon_core.package_identification:_identify(src/gazebo_ros_pkgs) by extension 'python_setup_py'
[0.378s] Level 1:colcon.colcon_core.package_identification:_identify(src/gazebo_ros_pkgs/gazebo_dev) by extensions ['ignore', 'ignore_ament_install']
[0.378s] Level 1:colcon.colcon_core.package_identification:_identify(src/gazebo_ros_pkgs/gazebo_dev) by extension 'ignore'
[0.378s] Level 1:colcon.colcon_core.package_identification:_identify(src/gazebo_ros_pkgs/gazebo_dev) by extension 'ignore_ament_install'
[0.378s] Level 1:colcon.colcon_core.package_identification:_identify(src/gazebo_ros_pkgs/gazebo_dev) by extensions ['colcon_pkg']
[0.378s] Level 1:colcon.colcon_core.package_identification:_identify(src/gazebo_ros_pkgs/gazebo_dev) by extension 'colcon_pkg'
[0.379s] Level 1:colcon.colcon_core.package_identification:_identify(src/gazebo_ros_pkgs/gazebo_dev) by extensions ['colcon_meta']
[0.379s] Level 1:colcon.colcon_core.package_identification:_identify(src/gazebo_ros_pkgs/gazebo_dev) by extension 'colcon_meta'
[0.379s] Level 1:colcon.colcon_core.package_identification:_identify(src/gazebo_ros_pkgs/gazebo_dev) by extensions ['ros']
[0.379s] Level 1:colcon.colcon_core.package_identification:_identify(src/gazebo_ros_pkgs/gazebo_dev) by extension 'ros'
[0.383s] DEBUG:colcon.colcon_core.package_identification:Package 'src/gazebo_ros_pkgs/gazebo_dev' with type 'ros.ament_cmake' and name 'gazebo_dev'
[0.383s] Level 1:colcon.colcon_core.package_identification:_identify(src/gazebo_ros_pkgs/gazebo_msgs) by extensions ['ignore', 'ignore_ament_install']
[0.383s] Level 1:colcon.colcon_core.package_identification:_identify(src/gazebo_ros_pkgs/gazebo_msgs) by extension 'ignore'
[0.383s] Level 1:colcon.colcon_core.package_identification:_identify(src/gazebo_ros_pkgs/gazebo_msgs) by extension 'ignore_ament_install'
[0.384s] Level 1:colcon.colcon_core.package_identification:_identify(src/gazebo_ros_pkgs/gazebo_msgs) by extensions ['colcon_pkg']
[0.384s] Level 1:colcon.colcon_core.package_identification:_identify(src/gazebo_ros_pkgs/gazebo_msgs) by extension 'colcon_pkg'
[0.384s] Level 1:colcon.colcon_core.package_identification:_identify(src/gazebo_ros_pkgs/gazebo_msgs) by extensions ['colcon_meta']
[0.384s] Level 1:colcon.colcon_core.package_identification:_identify(src/gazebo_ros_pkgs/gazebo_msgs) by extension 'colcon_meta'
[0.384s] Level 1:colcon.colcon_core.package_identification:_identify(src/gazebo_ros_pkgs/gazebo_msgs) by extensions ['ros']
[0.384s] Level 1:colcon.colcon_core.package_identification:_identify(src/gazebo_ros_pkgs/gazebo_msgs) by extension 'ros'
[0.384s] DEBUG:colcon.colcon_core.package_identification:Package 'src/gazebo_ros_pkgs/gazebo_msgs' with type 'ros.ament_cmake' and name 'gazebo_msgs'
[0.385s] Level 1:colcon.colcon_core.package_identification:_identify(src/gazebo_ros_pkgs/gazebo_plugins) by extensions ['ignore', 'ignore_ament_install']
[0.385s] Level 1:colcon.colcon_core.package_identification:_identify(src/gazebo_ros_pkgs/gazebo_plugins) by extension 'ignore'
[0.385s] Level 1:colcon.colcon_core.package_identification:_identify(src/gazebo_ros_pkgs/gazebo_plugins) by extension 'ignore_ament_install'
[0.385s] Level 1:colcon.colcon_core.package_identification:_identify(src/gazebo_ros_pkgs/gazebo_plugins) by extensions ['colcon_pkg']
[0.385s] Level 1:colcon.colcon_core.package_identification:_identify(src/gazebo_ros_pkgs/gazebo_plugins) by extension 'colcon_pkg'
[0.386s] Level 1:colcon.colcon_core.package_identification:_identify(src/gazebo_ros_pkgs/gazebo_plugins) by extensions ['colcon_meta']
[0.386s] Level 1:colcon.colcon_core.package_identification:_identify(src/gazebo_ros_pkgs/gazebo_plugins) by extension 'colcon_meta'
[0.386s] Level 1:colcon.colcon_core.package_identification:_identify(src/gazebo_ros_pkgs/gazebo_plugins) by extensions ['ros']
[0.386s] Level 1:colcon.colcon_core.package_identification:_identify(src/gazebo_ros_pkgs/gazebo_plugins) by extension 'ros'
[0.387s] DEBUG:colcon.colcon_core.package_identification:Package 'src/gazebo_ros_pkgs/gazebo_plugins' with type 'ros.ament_cmake' and name 'gazebo_plugins'
[0.387s] Level 1:colcon.colcon_core.package_identification:_identify(src/gazebo_ros_pkgs/gazebo_ros) by extensions ['ignore', 'ignore_ament_install']
[0.387s] Level 1:colcon.colcon_core.package_identification:_identify(src/gazebo_ros_pkgs/gazebo_ros) by extension 'ignore'
[0.387s] Level 1:colcon.colcon_core.package_identification:_identify(src/gazebo_ros_pkgs/gazebo_ros) by extension 'ignore_ament_install'
[0.387s] Level 1:colcon.colcon_core.package_identification:_identify(src/gazebo_ros_pkgs/gazebo_ros) by extensions ['colcon_pkg']
[0.387s] Level 1:colcon.colcon_core.package_identification:_identify(src/gazebo_ros_pkgs/gazebo_ros) by extension 'colcon_pkg'
[0.388s] Level 1:colcon.colcon_core.package_identification:_identify(src/gazebo_ros_pkgs/gazebo_ros) by extensions ['colcon_meta']
[0.388s] Level 1:colcon.colcon_core.package_identification:_identify(src/gazebo_ros_pkgs/gazebo_ros) by extension 'colcon_meta'
[0.388s] Level 1:colcon.colcon_core.package_identification:_identify(src/gazebo_ros_pkgs/gazebo_ros) by extensions ['ros']
[0.388s] Level 1:colcon.colcon_core.package_identification:_identify(src/gazebo_ros_pkgs/gazebo_ros) by extension 'ros'
[0.389s] DEBUG:colcon.colcon_core.package_identification:Package 'src/gazebo_ros_pkgs/gazebo_ros' with type 'ros.ament_cmake' and name 'gazebo_ros'
[0.389s] Level 1:colcon.colcon_core.package_identification:_identify(src/gazebo_ros_pkgs/gazebo_ros_control) by extensions ['ignore', 'ignore_ament_install']
[0.389s] Level 1:colcon.colcon_core.package_identification:_identify(src/gazebo_ros_pkgs/gazebo_ros_control) by extension 'ignore'
[0.389s] Level 1:colcon.colcon_core.package_identification:_identify(src/gazebo_ros_pkgs/gazebo_ros_control) by extension 'ignore_ament_install'
[0.389s] Level 1:colcon.colcon_core.package_identification:_identify(src/gazebo_ros_pkgs/gazebo_ros_control) by extensions ['colcon_pkg']
[0.389s] Level 1:colcon.colcon_core.package_identification:_identify(src/gazebo_ros_pkgs/gazebo_ros_control) by extension 'colcon_pkg'
[0.390s] Level 1:colcon.colcon_core.package_identification:_identify(src/gazebo_ros_pkgs/gazebo_ros_control) by extensions ['colcon_meta']
[0.390s] Level 1:colcon.colcon_core.package_identification:_identify(src/gazebo_ros_pkgs/gazebo_ros_control) by extension 'colcon_meta'
[0.390s] Level 1:colcon.colcon_core.package_identification:_identify(src/gazebo_ros_pkgs/gazebo_ros_control) by extensions ['ros']
[0.390s] Level 1:colcon.colcon_core.package_identification:_identify(src/gazebo_ros_pkgs/gazebo_ros_control) by extension 'ros'
[0.390s] Level 1:colcon.colcon_core.package_identification:_identify(src/gazebo_ros_pkgs/gazebo_ros_control) by extensions ['cmake', 'python']
[0.390s] Level 1:colcon.colcon_core.package_identification:_identify(src/gazebo_ros_pkgs/gazebo_ros_control) by extension 'cmake'
[0.390s] Level 1:colcon.colcon_core.package_identification:_identify(src/gazebo_ros_pkgs/gazebo_ros_control) by extension 'python'
[0.390s] Level 1:colcon.colcon_core.package_identification:_identify(src/gazebo_ros_pkgs/gazebo_ros_control) by extensions ['python_setup_py']
[0.390s] Level 1:colcon.colcon_core.package_identification:_identify(src/gazebo_ros_pkgs/gazebo_ros_control) by extension 'python_setup_py'
[0.390s] Level 1:colcon.colcon_core.package_identification:_identify(src/gazebo_ros_pkgs/gazebo_ros_pkgs) by extensions ['ignore', 'ignore_ament_install']
[0.390s] Level 1:colcon.colcon_core.package_identification:_identify(src/gazebo_ros_pkgs/gazebo_ros_pkgs) by extension 'ignore'
[0.390s] Level 1:colcon.colcon_core.package_identification:_identify(src/gazebo_ros_pkgs/gazebo_ros_pkgs) by extension 'ignore_ament_install'
[0.390s] Level 1:colcon.colcon_core.package_identification:_identify(src/gazebo_ros_pkgs/gazebo_ros_pkgs) by extensions ['colcon_pkg']
[0.390s] Level 1:colcon.colcon_core.package_identification:_identify(src/gazebo_ros_pkgs/gazebo_ros_pkgs) by extension 'colcon_pkg'
[0.390s] Level 1:colcon.colcon_core.package_identification:_identify(src/gazebo_ros_pkgs/gazebo_ros_pkgs) by extensions ['colcon_meta']
[0.390s] Level 1:colcon.colcon_core.package_identification:_identify(src/gazebo_ros_pkgs/gazebo_ros_pkgs) by extension 'colcon_meta'
[0.390s] Level 1:colcon.colcon_core.package_identification:_identify(src/gazebo_ros_pkgs/gazebo_ros_pkgs) by extensions ['ros']
[0.391s] Level 1:colcon.colcon_core.package_identification:_identify(src/gazebo_ros_pkgs/gazebo_ros_pkgs) by extension 'ros'
[0.391s] DEBUG:colcon.colcon_core.package_identification:Package 'src/gazebo_ros_pkgs/gazebo_ros_pkgs' with type 'ros.ament_cmake' and name 'gazebo_ros_pkgs'
[0.391s] Level 1:colcon.colcon_core.package_identification:_identify(src/proj-nao-Group3) by extensions ['ignore', 'ignore_ament_install']
[0.391s] Level 1:colcon.colcon_core.package_identification:_identify(src/proj-nao-Group3) by extension 'ignore'
[0.391s] Level 1:colcon.colcon_core.package_identification:_identify(src/proj-nao-Group3) by extension 'ignore_ament_install'
[0.391s] Level 1:colcon.colcon_core.package_identification:_identify(src/proj-nao-Group3) by extensions ['colcon_pkg']
[0.391s] Level 1:colcon.colcon_core.package_identification:_identify(src/proj-nao-Group3) by extension 'colcon_pkg'
[0.391s] Level 1:colcon.colcon_core.package_identification:_identify(src/proj-nao-Group3) by extensions ['colcon_meta']
[0.392s] Level 1:colcon.colcon_core.package_identification:_identify(src/proj-nao-Group3) by extension 'colcon_meta'
[0.392s] Level 1:colcon.colcon_core.package_identification:_identify(src/proj-nao-Group3) by extensions ['ros']
[0.392s] Level 1:colcon.colcon_core.package_identification:_identify(src/proj-nao-Group3) by extension 'ros'
[0.392s] Level 1:colcon.colcon_core.package_identification:_identify(src/proj-nao-Group3) by extensions ['cmake', 'python']
[0.392s] Level 1:colcon.colcon_core.package_identification:_identify(src/proj-nao-Group3) by extension 'cmake'
[0.392s] Level 1:colcon.colcon_core.package_identification:_identify(src/proj-nao-Group3) by extension 'python'
[0.392s] Level 1:colcon.colcon_core.package_identification:_identify(src/proj-nao-Group3) by extensions ['python_setup_py']
[0.392s] Level 1:colcon.colcon_core.package_identification:_identify(src/proj-nao-Group3) by extension 'python_setup_py'
[0.392s] Level 1:colcon.colcon_core.package_identification:_identify(src/proj-nao-Group3/build) by extensions ['ignore', 'ignore_ament_install']
[0.392s] Level 1:colcon.colcon_core.package_identification:_identify(src/proj-nao-Group3/build) by extension 'ignore'
[0.392s] Level 1:colcon.colcon_core.package_identification:_identify(src/proj-nao-Group3/build) ignored
[0.392s] Level 1:colcon.colcon_core.package_identification:_identify(src/proj-nao-Group3/install) by extensions ['ignore', 'ignore_ament_install']
[0.392s] Level 1:colcon.colcon_core.package_identification:_identify(src/proj-nao-Group3/install) by extension 'ignore'
[0.392s] Level 1:colcon.colcon_core.package_identification:_identify(src/proj-nao-Group3/install) ignored
[0.392s] Level 1:colcon.colcon_core.package_identification:_identify(src/proj-nao-Group3/log) by extensions ['ignore', 'ignore_ament_install']
[0.392s] Level 1:colcon.colcon_core.package_identification:_identify(src/proj-nao-Group3/log) by extension 'ignore'
[0.392s] Level 1:colcon.colcon_core.package_identification:_identify(src/proj-nao-Group3/log) ignored
[0.392s] Level 1:colcon.colcon_core.package_identification:_identify(src/proj-nao-Group3/nao_description) by extensions ['ignore', 'ignore_ament_install']
[0.392s] Level 1:colcon.colcon_core.package_identification:_identify(src/proj-nao-Group3/nao_description) by extension 'ignore'
[0.393s] Level 1:colcon.colcon_core.package_identification:_identify(src/proj-nao-Group3/nao_description) by extension 'ignore_ament_install'
[0.393s] Level 1:colcon.colcon_core.package_identification:_identify(src/proj-nao-Group3/nao_description) by extensions ['colcon_pkg']
[0.393s] Level 1:colcon.colcon_core.package_identification:_identify(src/proj-nao-Group3/nao_description) by extension 'colcon_pkg'
[0.393s] Level 1:colcon.colcon_core.package_identification:_identify(src/proj-nao-Group3/nao_description) by extensions ['colcon_meta']
[0.393s] Level 1:colcon.colcon_core.package_identification:_identify(src/proj-nao-Group3/nao_description) by extension 'colcon_meta'
[0.393s] Level 1:colcon.colcon_core.package_identification:_identify(src/proj-nao-Group3/nao_description) by extensions ['ros']
[0.393s] Level 1:colcon.colcon_core.package_identification:_identify(src/proj-nao-Group3/nao_description) by extension 'ros'
[0.394s] DEBUG:colcon.colcon_core.package_identification:Package 'src/proj-nao-Group3/nao_description' with type 'ros.ament_cmake' and name 'nao_description'
[0.394s] Level 1:colcon.colcon_core.package_identification:_identify(venv-rosdep) by extensions ['ignore', 'ignore_ament_install']
[0.394s] Level 1:colcon.colcon_core.package_identification:_identify(venv-rosdep) by extension 'ignore'
[0.394s] Level 1:colcon.colcon_core.package_identification:_identify(venv-rosdep) by extension 'ignore_ament_install'
[0.394s] Level 1:colcon.colcon_core.package_identification:_identify(venv-rosdep) by extensions ['colcon_pkg']
[0.394s] Level 1:colcon.colcon_core.package_identification:_identify(venv-rosdep) by extension 'colcon_pkg'
[0.394s] Level 1:colcon.colcon_core.package_identification:_identify(venv-rosdep) by extensions ['colcon_meta']
[0.394s] Level 1:colcon.colcon_core.package_identification:_identify(venv-rosdep) by extension 'colcon_meta'
[0.394s] Level 1:colcon.colcon_core.package_identification:_identify(venv-rosdep) by extensions ['ros']
[0.394s] Level 1:colcon.colcon_core.package_identification:_identify(venv-rosdep) by extension 'ros'
[0.394s] Level 1:colcon.colcon_core.package_identification:_identify(venv-rosdep) by extensions ['cmake', 'python']
[0.394s] Level 1:colcon.colcon_core.package_identification:_identify(venv-rosdep) by extension 'cmake'
[0.395s] Level 1:colcon.colcon_core.package_identification:_identify(venv-rosdep) by extension 'python'
[0.395s] Level 1:colcon.colcon_core.package_identification:_identify(venv-rosdep) by extensions ['python_setup_py']
[0.395s] Level 1:colcon.colcon_core.package_identification:_identify(venv-rosdep) by extension 'python_setup_py'
[0.395s] Level 1:colcon.colcon_core.package_identification:_identify(venv-rosdep/bin) by extensions ['ignore', 'ignore_ament_install']
[0.395s] Level 1:colcon.colcon_core.package_identification:_identify(venv-rosdep/bin) by extension 'ignore'
[0.395s] Level 1:colcon.colcon_core.package_identification:_identify(venv-rosdep/bin) by extension 'ignore_ament_install'
[0.395s] Level 1:colcon.colcon_core.package_identification:_identify(venv-rosdep/bin) by extensions ['colcon_pkg']
[0.395s] Level 1:colcon.colcon_core.package_identification:_identify(venv-rosdep/bin) by extension 'colcon_pkg'
[0.395s] Level 1:colcon.colcon_core.package_identification:_identify(venv-rosdep/bin) by extensions ['colcon_meta']
[0.395s] Level 1:colcon.colcon_core.package_identification:_identify(venv-rosdep/bin) by extension 'colcon_meta'
[0.395s] Level 1:colcon.colcon_core.package_identification:_identify(venv-rosdep/bin) by extensions ['ros']
[0.395s] Level 1:colcon.colcon_core.package_identification:_identify(venv-rosdep/bin) by extension 'ros'
[0.395s] Level 1:colcon.colcon_core.package_identification:_identify(venv-rosdep/bin) by extensions ['cmake', 'python']
[0.395s] Level 1:colcon.colcon_core.package_identification:_identify(venv-rosdep/bin) by extension 'cmake'
[0.395s] Level 1:colcon.colcon_core.package_identification:_identify(venv-rosdep/bin) by extension 'python'
[0.395s] Level 1:colcon.colcon_core.package_identification:_identify(venv-rosdep/bin) by extensions ['python_setup_py']
[0.395s] Level 1:colcon.colcon_core.package_identification:_identify(venv-rosdep/bin) by extension 'python_setup_py'
[0.395s] Level 1:colcon.colcon_core.package_identification:_identify(venv-rosdep/include) by extensions ['ignore', 'ignore_ament_install']
[0.395s] Level 1:colcon.colcon_core.package_identification:_identify(venv-rosdep/include) by extension 'ignore'
[0.395s] Level 1:colcon.colcon_core.package_identification:_identify(venv-rosdep/include) by extension 'ignore_ament_install'
[0.395s] Level 1:colcon.colcon_core.package_identification:_identify(venv-rosdep/include) by extensions ['colcon_pkg']
[0.395s] Level 1:colcon.colcon_core.package_identification:_identify(venv-rosdep/include) by extension 'colcon_pkg'
[0.395s] Level 1:colcon.colcon_core.package_identification:_identify(venv-rosdep/include) by extensions ['colcon_meta']
[0.396s] Level 1:colcon.colcon_core.package_identification:_identify(venv-rosdep/include) by extension 'colcon_meta'
[0.396s] Level 1:colcon.colcon_core.package_identification:_identify(venv-rosdep/include) by extensions ['ros']
[0.396s] Level 1:colcon.colcon_core.package_identification:_identify(venv-rosdep/include) by extension 'ros'
[0.396s] Level 1:colcon.colcon_core.package_identification:_identify(venv-rosdep/include) by extensions ['cmake', 'python']
[0.396s] Level 1:colcon.colcon_core.package_identification:_identify(venv-rosdep/include) by extension 'cmake'
[0.396s] Level 1:colcon.colcon_core.package_identification:_identify(venv-rosdep/include) by extension 'python'
[0.396s] Level 1:colcon.colcon_core.package_identification:_identify(venv-rosdep/include) by extensions ['python_setup_py']
[0.396s] Level 1:colcon.colcon_core.package_identification:_identify(venv-rosdep/include) by extension 'python_setup_py'
[0.396s] Level 1:colcon.colcon_core.package_identification:_identify(venv-rosdep/include/python3.12) by extensions ['ignore', 'ignore_ament_install']
[0.396s] Level 1:colcon.colcon_core.package_identification:_identify(venv-rosdep/include/python3.12) by extension 'ignore'
[0.396s] Level 1:colcon.colcon_core.package_identification:_identify(venv-rosdep/include/python3.12) by extension 'ignore_ament_install'
[0.396s] Level 1:colcon.colcon_core.package_identification:_identify(venv-rosdep/include/python3.12) by extensions ['colcon_pkg']
[0.396s] Level 1:colcon.colcon_core.package_identification:_identify(venv-rosdep/include/python3.12) by extension 'colcon_pkg'
[0.396s] Level 1:colcon.colcon_core.package_identification:_identify(venv-rosdep/include/python3.12) by extensions ['colcon_meta']
[0.396s] Level 1:colcon.colcon_core.package_identification:_identify(venv-rosdep/include/python3.12) by extension 'colcon_meta'
[0.396s] Level 1:colcon.colcon_core.package_identification:_identify(venv-rosdep/include/python3.12) by extensions ['ros']
[0.396s] Level 1:colcon.colcon_core.package_identification:_identify(venv-rosdep/include/python3.12) by extension 'ros'
[0.396s] Level 1:colcon.colcon_core.package_identification:_identify(venv-rosdep/include/python3.12) by extensions ['cmake', 'python']
[0.396s] Level 1:colcon.colcon_core.package_identification:_identify(venv-rosdep/include/python3.12) by extension 'cmake'
[0.396s] Level 1:colcon.colcon_core.package_identification:_identify(venv-rosdep/include/python3.12) by extension 'python'
[0.396s] Level 1:colcon.colcon_core.package_identification:_identify(venv-rosdep/include/python3.12) by extensions ['python_setup_py']
[0.396s] Level 1:colcon.colcon_core.package_identification:_identify(venv-rosdep/include/python3.12) by extension 'python_setup_py'
[0.396s] Level 1:colcon.colcon_core.package_identification:_identify(venv-rosdep/lib) by extensions ['ignore', 'ignore_ament_install']
[0.396s] Level 1:colcon.colcon_core.package_identification:_identify(venv-rosdep/lib) by extension 'ignore'
[0.397s] Level 1:colcon.colcon_core.package_identification:_identify(venv-rosdep/lib) by extension 'ignore_ament_install'
[0.397s] Level 1:colcon.colcon_core.package_identification:_identify(venv-rosdep/lib) by extensions ['colcon_pkg']
[0.397s] Level 1:colcon.colcon_core.package_identification:_identify(venv-rosdep/lib) by extension 'colcon_pkg'
[0.397s] Level 1:colcon.colcon_core.package_identification:_identify(venv-rosdep/lib) by extensions ['colcon_meta']
[0.397s] Level 1:colcon.colcon_core.package_identification:_identify(venv-rosdep/lib) by extension 'colcon_meta'
[0.397s] Level 1:colcon.colcon_core.package_identification:_identify(venv-rosdep/lib) by extensions ['ros']
[0.397s] Level 1:colcon.colcon_core.package_identification:_identify(venv-rosdep/lib) by extension 'ros'
[0.397s] Level 1:colcon.colcon_core.package_identification:_identify(venv-rosdep/lib) by extensions ['cmake', 'python']
[0.397s] Level 1:colcon.colcon_core.package_identification:_identify(venv-rosdep/lib) by extension 'cmake'
[0.397s] Level 1:colcon.colcon_core.package_identification:_identify(venv-rosdep/lib) by extension 'python'
[0.397s] Level 1:colcon.colcon_core.package_identification:_identify(venv-rosdep/lib) by extensions ['python_setup_py']
[0.397s] Level 1:colcon.colcon_core.package_identification:_identify(venv-rosdep/lib) by extension 'python_setup_py'
[0.397s] Level 1:colcon.colcon_core.package_identification:_identify(venv-rosdep/lib/python3.12) by extensions ['ignore', 'ignore_ament_install']
[0.397s] Level 1:colcon.colcon_core.package_identification:_identify(venv-rosdep/lib/python3.12) by extension 'ignore'
[0.397s] Level 1:colcon.colcon_core.package_identification:_identify(venv-rosdep/lib/python3.12) by extension 'ignore_ament_install'
[0.397s] Level 1:colcon.colcon_core.package_identification:_identify(venv-rosdep/lib/python3.12) by extensions ['colcon_pkg']
[0.397s] Level 1:colcon.colcon_core.package_identification:_identify(venv-rosdep/lib/python3.12) by extension 'colcon_pkg'
[0.397s] Level 1:colcon.colcon_core.package_identification:_identify(venv-rosdep/lib/python3.12) by extensions ['colcon_meta']
[0.397s] Level 1:colcon.colcon_core.package_identification:_identify(venv-rosdep/lib/python3.12) by extension 'colcon_meta'
[0.397s] Level 1:colcon.colcon_core.package_identification:_identify(venv-rosdep/lib/python3.12) by extensions ['ros']
[0.397s] Level 1:colcon.colcon_core.package_identification:_identify(venv-rosdep/lib/python3.12) by extension 'ros'
[0.397s] Level 1:colcon.colcon_core.package_identification:_identify(venv-rosdep/lib/python3.12) by extensions ['cmake', 'python']
[0.397s] Level 1:colcon.colcon_core.package_identification:_identify(venv-rosdep/lib/python3.12) by extension 'cmake'
[0.397s] Level 1:colcon.colcon_core.package_identification:_identify(venv-rosdep/lib/python3.12) by extension 'python'
[0.397s] Level 1:colcon.colcon_core.package_identification:_identify(venv-rosdep/lib/python3.12) by extensions ['python_setup_py']
[0.397s] Level 1:colcon.colcon_core.package_identification:_identify(venv-rosdep/lib/python3.12) by extension 'python_setup_py'
[0.398s] Level 1:colcon.colcon_core.package_identification:_identify(venv-rosdep/lib/python3.12/site-packages) by extensions ['ignore', 'ignore_ament_install']
[0.398s] Level 1:colcon.colcon_core.package_identification:_identify(venv-rosdep/lib/python3.12/site-packages) by extension 'ignore'
[0.398s] Level 1:colcon.colcon_core.package_identification:_identify(venv-rosdep/lib/python3.12/site-packages) by extension 'ignore_ament_install'
[0.398s] Level 1:colcon.colcon_core.package_identification:_identify(venv-rosdep/lib/python3.12/site-packages) by extensions ['colcon_pkg']
[0.398s] Level 1:colcon.colcon_core.package_identification:_identify(venv-rosdep/lib/python3.12/site-packages) by extension 'colcon_pkg'
[0.398s] Level 1:colcon.colcon_core.package_identification:_identify(venv-rosdep/lib/python3.12/site-packages) by extensions ['colcon_meta']
[0.398s] Level 1:colcon.colcon_core.package_identification:_identify(venv-rosdep/lib/python3.12/site-packages) by extension 'colcon_meta'
[0.398s] Level 1:colcon.colcon_core.package_identification:_identify(venv-rosdep/lib/python3.12/site-packages) by extensions ['ros']
[0.398s] Level 1:colcon.colcon_core.package_identification:_identify(venv-rosdep/lib/python3.12/site-packages) by extension 'ros'
[0.398s] Level 1:colcon.colcon_core.package_identification:_identify(venv-rosdep/lib/python3.12/site-packages) by extensions ['cmake', 'python']
[0.398s] Level 1:colcon.colcon_core.package_identification:_identify(venv-rosdep/lib/python3.12/site-packages) by extension 'cmake'
[0.398s] Level 1:colcon.colcon_core.package_identification:_identify(venv-rosdep/lib/python3.12/site-packages) by extension 'python'
[0.398s] Level 1:colcon.colcon_core.package_identification:_identify(venv-rosdep/lib/python3.12/site-packages) by extensions ['python_setup_py']
[0.398s] Level 1:colcon.colcon_core.package_identification:_identify(venv-rosdep/lib/python3.12/site-packages) by extension 'python_setup_py'
[0.398s] Level 1:colcon.colcon_core.package_discovery:discover_packages(recursive) using defaults
[0.398s] Level 1:colcon.colcon_core.package_discovery:discover_packages(ignore) discover
[0.398s] Level 1:colcon.colcon_core.package_discovery:discover_packages(ignore) using defaults
[0.398s] Level 1:colcon.colcon_core.package_discovery:discover_packages(path) discover
[0.398s] Level 1:colcon.colcon_core.package_discovery:discover_packages(path) using defaults
[0.427s] INFO:colcon.colcon_metadata.metadata.colcon_pkg:Updating descriptor of package 'src/gazebo_ros_pkgs/gazebo_plugins' from colcon.pkg: {'dependencies': ['Gazebo']}
[0.427s] INFO:colcon.colcon_metadata.metadata.colcon_pkg:Updating descriptor of package 'src/gazebo_ros_pkgs/gazebo_ros' from colcon.pkg: {'dependencies': ['Gazebo']}
[0.427s] INFO:colcon.colcon_metadata.metadata.colcon_pkg:Updating descriptor of package 'src/gazebo_ros_pkgs/gazebo_dev' from colcon.pkg: {'dependencies': ['Gazebo']}
[0.430s] INFO:colcon.colcon_core.package_selection:Skipping not selected package 'gazebo_dev' in 'src/gazebo_ros_pkgs/gazebo_dev'
[0.430s] INFO:colcon.colcon_core.package_selection:Skipping not selected package 'gazebo_msgs' in 'src/gazebo_ros_pkgs/gazebo_msgs'
[0.430s] INFO:colcon.colcon_core.package_selection:Skipping not selected package 'gazebo_ros' in 'src/gazebo_ros_pkgs/gazebo_ros'
[0.430s] INFO:colcon.colcon_core.package_selection:Skipping not selected package 'gazebo_plugins' in 'src/gazebo_ros_pkgs/gazebo_plugins'
[0.430s] INFO:colcon.colcon_core.package_selection:Skipping not selected package 'nao_description' in 'src/proj-nao-Group3/nao_description'
[0.431s] Level 1:colcon.colcon_core.package_discovery:discover_packages(prefix_path) check parameters
[0.431s] Level 1:colcon.colcon_core.package_discovery:discover_packages(prefix_path) discover
[0.437s] DEBUG:colcon.colcon_installed_package_information.package_discovery:Found 342 installed packages in /opt/ros/jazzy
[0.437s] Level 1:colcon.colcon_core.package_discovery:discover_packages(prefix_path) using defaults
[0.485s] Level 5:colcon.colcon_core.verb:set package 'gazebo_ros_pkgs' build argument 'cmake_args' from command line to 'None'
[0.485s] Level 5:colcon.colcon_core.verb:set package 'gazebo_ros_pkgs' build argument 'cmake_target' from command line to 'None'
[0.485s] Level 5:colcon.colcon_core.verb:set package 'gazebo_ros_pkgs' build argument 'cmake_target_skip_unavailable' from command line to 'False'
[0.485s] Level 5:colcon.colcon_core.verb:set package 'gazebo_ros_pkgs' build argument 'cmake_clean_cache' from command line to 'False'
[0.485s] Level 5:colcon.colcon_core.verb:set package 'gazebo_ros_pkgs' build argument 'cmake_clean_first' from command line to 'False'
[0.485s] Level 5:colcon.colcon_core.verb:set package 'gazebo_ros_pkgs' build argument 'cmake_force_configure' from command line to 'False'
[0.485s] Level 5:colcon.colcon_core.verb:set package 'gazebo_ros_pkgs' build argument 'ament_cmake_args' from command line to 'None'
[0.485s] Level 5:colcon.colcon_core.verb:set package 'gazebo_ros_pkgs' build argument 'catkin_cmake_args' from command line to 'None'
[0.485s] Level 5:colcon.colcon_core.verb:set package 'gazebo_ros_pkgs' build argument 'catkin_skip_building_tests' from command line to 'False'
[0.485s] DEBUG:colcon.colcon_core.verb:Building package 'gazebo_ros_pkgs' with the following arguments: {'ament_cmake_args': None, 'build_base': '/home/ahmed/nao_ws/build/gazebo_ros_pkgs', 'catkin_cmake_args': None, 'catkin_skip_building_tests': False, 'cmake_args': None, 'cmake_clean_cache': False, 'cmake_clean_first': False, 'cmake_force_configure': False, 'cmake_target': None, 'cmake_target_skip_unavailable': False, 'install_base': '/home/ahmed/nao_ws/install/gazebo_ros_pkgs', 'merge_install': False, 'path': '/home/ahmed/nao_ws/src/gazebo_ros_pkgs/gazebo_ros_pkgs', 'symlink_install': True, 'test_result_base': None}
[0.485s] INFO:colcon.colcon_core.executor:Executing jobs using 'parallel' executor
[0.486s] DEBUG:colcon.colcon_parallel_executor.executor.parallel:run_until_complete
[0.486s] INFO:colcon.colcon_ros.task.ament_cmake.build:Building ROS package in '/home/ahmed/nao_ws/src/gazebo_ros_pkgs/gazebo_ros_pkgs' with build type 'ament_cmake'
[0.486s] INFO:colcon.colcon_cmake.task.cmake.build:Building CMake package in '/home/ahmed/nao_ws/src/gazebo_ros_pkgs/gazebo_ros_pkgs'
[0.494s] INFO:colcon.colcon_core.plugin_system:Skipping extension 'colcon_core.shell.bat': Not used on non-Windows systems
[0.494s] INFO:colcon.colcon_core.shell:Skip shell extension 'powershell' for command environment: Not usable outside of PowerShell
[0.494s] DEBUG:colcon.colcon_core.shell:Skip shell extension 'dsv' for command environment
[0.496s] ERROR:colcon.colcon_cmake.task.cmake.build:Failed to find the following files:
- /home/ahmed/nao_ws/install/gazebo_plugins/share/gazebo_plugins/package.sh
Check that the following packages have been built:
- gazebo_plugins
[0.497s] Level 1:colcon.colcon_core.environment:create_environment_scripts_only(gazebo_ros_pkgs)
[0.506s] Level 1:colcon.colcon_core.environment:checking '/home/ahmed/nao_ws/install/gazebo_ros_pkgs' for CMake module files
[0.506s] Level 1:colcon.colcon_core.environment:checking '/home/ahmed/nao_ws/install/gazebo_ros_pkgs' for CMake config files
[0.507s] Level 1:colcon.colcon_core.environment:checking '/home/ahmed/nao_ws/install/gazebo_ros_pkgs/bin'
[0.507s] Level 1:colcon.colcon_core.environment:checking '/home/ahmed/nao_ws/install/gazebo_ros_pkgs/lib/pkgconfig/gazebo_ros_pkgs.pc'
[0.507s] Level 1:colcon.colcon_core.environment:checking '/home/ahmed/nao_ws/install/gazebo_ros_pkgs/lib/python3.12/site-packages'
[0.507s] Level 1:colcon.colcon_core.environment:checking '/home/ahmed/nao_ws/install/gazebo_ros_pkgs/bin'
[0.508s] INFO:colcon.colcon_core.shell:Creating package script '/home/ahmed/nao_ws/install/gazebo_ros_pkgs/share/gazebo_ros_pkgs/package.ps1'
[0.509s] INFO:colcon.colcon_core.shell:Creating package descriptor '/home/ahmed/nao_ws/install/gazebo_ros_pkgs/share/gazebo_ros_pkgs/package.dsv'
[0.509s] INFO:colcon.colcon_core.shell:Creating package script '/home/ahmed/nao_ws/install/gazebo_ros_pkgs/share/gazebo_ros_pkgs/package.sh'
[0.510s] INFO:colcon.colcon_core.shell:Creating package script '/home/ahmed/nao_ws/install/gazebo_ros_pkgs/share/gazebo_ros_pkgs/package.bash'
[0.511s] INFO:colcon.colcon_core.shell:Creating package script '/home/ahmed/nao_ws/install/gazebo_ros_pkgs/share/gazebo_ros_pkgs/package.zsh'
[0.512s] Level 1:colcon.colcon_core.environment:create_file_with_runtime_dependencies(/home/ahmed/nao_ws/install/gazebo_ros_pkgs/share/colcon-core/packages/gazebo_ros_pkgs)
[0.522s] DEBUG:colcon.colcon_parallel_executor.executor.parallel:closing loop
[0.522s] DEBUG:colcon.colcon_parallel_executor.executor.parallel:loop closed
[0.522s] DEBUG:colcon.colcon_parallel_executor.executor.parallel:run_until_complete finished with '1'
[0.523s] DEBUG:colcon.colcon_core.event_reactor:joining thread
[0.532s] INFO:colcon.colcon_core.plugin_system:Skipping extension 'colcon_notification.desktop_notification.terminal_notifier': Not used on non-Darwin systems
[0.533s] INFO:colcon.colcon_core.plugin_system:Skipping extension 'colcon_notification.desktop_notification.win32': Not used on non-Windows systems
[0.533s] INFO:colcon.colcon_notification.desktop_notification:Sending desktop notification using 'notify2'
[0.552s] DEBUG:colcon.colcon_core.event_reactor:joined thread
[0.552s] INFO:colcon.colcon_core.shell:Creating prefix script '/home/ahmed/nao_ws/install/local_setup.ps1'
[0.553s] INFO:colcon.colcon_core.shell:Creating prefix util module '/home/ahmed/nao_ws/install/_local_setup_util_ps1.py'
[0.555s] INFO:colcon.colcon_core.shell:Creating prefix chain script '/home/ahmed/nao_ws/install/setup.ps1'
[0.557s] INFO:colcon.colcon_core.shell:Creating prefix script '/home/ahmed/nao_ws/install/local_setup.sh'
[0.558s] INFO:colcon.colcon_core.shell:Creating prefix util module '/home/ahmed/nao_ws/install/_local_setup_util_sh.py'
[0.559s] INFO:colcon.colcon_core.shell:Creating prefix chain script '/home/ahmed/nao_ws/install/setup.sh'
[0.560s] INFO:colcon.colcon_core.shell:Creating prefix script '/home/ahmed/nao_ws/install/local_setup.bash'
[0.561s] INFO:colcon.colcon_core.shell:Creating prefix chain script '/home/ahmed/nao_ws/install/setup.bash'
[0.562s] INFO:colcon.colcon_core.shell:Creating prefix script '/home/ahmed/nao_ws/install/local_setup.zsh'
[0.562s] INFO:colcon.colcon_core.shell:Creating prefix chain script '/home/ahmed/nao_ws/install/setup.zsh'
