-- Install configuration: ""
-- Execute custom install script
-- Up-to-date symlink: /home/ahmed/nao_ws/install/nao_description/share/nao_description/urdf/nao.urdf
-- Up-to-date symlink: /home/ahmed/nao_ws/install/nao_description/share/nao_description/urdf/nao_harmonic.urdf
-- Up-to-date symlink: /home/ahmed/nao_ws/install/nao_description/share/nao_description/urdf/nao_simplified.urdf
-- Up-to-date symlink: /home/ahmed/nao_ws/install/nao_description/share/nao_description/launch/display.launch.py
-- Up-to-date symlink: /home/ahmed/nao_ws/install/nao_description/share/nao_description/launch/gazebo_fortress.launch.py
-- Up-to-date symlink: /home/ahmed/nao_ws/install/nao_description/share/nao_description/launch/gazebo_gui.launch.py
-- Up-to-date symlink: /home/ahmed/nao_ws/install/nao_description/share/nao_description/launch/gazebo_harmonic.launch.py
-- Up-to-date symlink: /home/ahmed/nao_ws/install/nao_description/share/nao_description/launch/gazebo_headless.launch.py
-- Up-to-date symlink: /home/ahmed/nao_ws/install/nao_description/share/nao_description/launch/gazebo_ros_gz.launch.py
-- Up-to-date symlink: /home/ahmed/nao_ws/install/nao_description/share/nao_description/launch/gazebo_simple.launch.py
-- Up-to-date symlink: /home/ahmed/nao_ws/install/nao_description/share/nao_description/launch/gazebo_software_rendering.launch.py
-- Up-to-date symlink: /home/ahmed/nao_ws/install/nao_description/share/nao_description/launch/gazebo_spawn.launch.py
-- Up-to-date symlink: /home/ahmed/nao_ws/install/nao_description/share/nao_description/launch/gazebo_with_rviz.launch.py
-- Up-to-date symlink: /home/ahmed/nao_ws/install/nao_description/share/nao_description/launch/ignition.launch.py
-- Up-to-date symlink: /home/ahmed/nao_ws/install/nao_description/share/nao_description/launch/rviz_only.launch.py
-- Up-to-date symlink: /home/ahmed/nao_ws/install/nao_description/share/nao_description/launch/rviz_simple.launch.py
-- Up-to-date symlink: /home/ahmed/nao_ws/install/nao_description/share/nao_description/config/controllers.yaml
-- Up-to-date symlink: /home/ahmed/nao_ws/install/nao_description/share/nao_description/rviz/nao_view.rviz
-- Up-to-date symlink: /home/ahmed/nao_ws/install/nao_description/share/nao_description/nao_meshes/README.md
-- Up-to-date symlink: /home/ahmed/nao_ws/install/nao_description/share/nao_description/nao_meshes/meshes/V40/HeadPitch.dae
-- Up-to-date symlink: /home/ahmed/nao_ws/install/nao_description/share/nao_description/nao_meshes/meshes/V40/HeadPitch_0.10.stl
-- Up-to-date symlink: /home/ahmed/nao_ws/install/nao_description/share/nao_description/nao_meshes/meshes/V40/HeadYaw.dae
-- Up-to-date symlink: /home/ahmed/nao_ws/install/nao_description/share/nao_description/nao_meshes/meshes/V40/HeadYaw_0.10.stl
-- Up-to-date symlink: /home/ahmed/nao_ws/install/nao_description/share/nao_description/nao_meshes/meshes/V40/LAnklePitch.dae
-- Up-to-date symlink: /home/ahmed/nao_ws/install/nao_description/share/nao_description/nao_meshes/meshes/V40/LAnklePitch_0.10.stl
-- Up-to-date symlink: /home/ahmed/nao_ws/install/nao_description/share/nao_description/nao_meshes/meshes/V40/LAnkleRoll.dae
-- Up-to-date symlink: /home/ahmed/nao_ws/install/nao_description/share/nao_description/nao_meshes/meshes/V40/LAnkleRoll_0.10.stl
-- Up-to-date symlink: /home/ahmed/nao_ws/install/nao_description/share/nao_description/nao_meshes/meshes/V40/LElbowRoll.dae
-- Up-to-date symlink: /home/ahmed/nao_ws/install/nao_description/share/nao_description/nao_meshes/meshes/V40/LElbowRoll_0.10.stl
-- Up-to-date symlink: /home/ahmed/nao_ws/install/nao_description/share/nao_description/nao_meshes/meshes/V40/LFinger11.dae
-- Up-to-date symlink: /home/ahmed/nao_ws/install/nao_description/share/nao_description/nao_meshes/meshes/V40/LFinger11_0.10.stl
-- Up-to-date symlink: /home/ahmed/nao_ws/install/nao_description/share/nao_description/nao_meshes/meshes/V40/LFinger12.dae
-- Up-to-date symlink: /home/ahmed/nao_ws/install/nao_description/share/nao_description/nao_meshes/meshes/V40/LFinger12_0.10.stl
-- Up-to-date symlink: /home/ahmed/nao_ws/install/nao_description/share/nao_description/nao_meshes/meshes/V40/LFinger13.dae
-- Up-to-date symlink: /home/ahmed/nao_ws/install/nao_description/share/nao_description/nao_meshes/meshes/V40/LFinger13_0.10.stl
-- Up-to-date symlink: /home/ahmed/nao_ws/install/nao_description/share/nao_description/nao_meshes/meshes/V40/LFinger21.dae
-- Up-to-date symlink: /home/ahmed/nao_ws/install/nao_description/share/nao_description/nao_meshes/meshes/V40/LFinger21_0.10.stl
-- Up-to-date symlink: /home/ahmed/nao_ws/install/nao_description/share/nao_description/nao_meshes/meshes/V40/LFinger22.dae
-- Up-to-date symlink: /home/ahmed/nao_ws/install/nao_description/share/nao_description/nao_meshes/meshes/V40/LFinger22_0.10.stl
-- Up-to-date symlink: /home/ahmed/nao_ws/install/nao_description/share/nao_description/nao_meshes/meshes/V40/LFinger23.dae
-- Up-to-date symlink: /home/ahmed/nao_ws/install/nao_description/share/nao_description/nao_meshes/meshes/V40/LFinger23_0.10.stl
-- Up-to-date symlink: /home/ahmed/nao_ws/install/nao_description/share/nao_description/nao_meshes/meshes/V40/LHipPitch.dae
-- Up-to-date symlink: /home/ahmed/nao_ws/install/nao_description/share/nao_description/nao_meshes/meshes/V40/LHipPitch_0.10.stl
-- Up-to-date symlink: /home/ahmed/nao_ws/install/nao_description/share/nao_description/nao_meshes/meshes/V40/LHipRoll.dae
-- Up-to-date symlink: /home/ahmed/nao_ws/install/nao_description/share/nao_description/nao_meshes/meshes/V40/LHipRoll_0.10.stl
-- Up-to-date symlink: /home/ahmed/nao_ws/install/nao_description/share/nao_description/nao_meshes/meshes/V40/LHipYawPitch.dae
-- Up-to-date symlink: /home/ahmed/nao_ws/install/nao_description/share/nao_description/nao_meshes/meshes/V40/LHipYawPitch_0.10.stl
-- Up-to-date symlink: /home/ahmed/nao_ws/install/nao_description/share/nao_description/nao_meshes/meshes/V40/LKneePitch.dae
-- Up-to-date symlink: /home/ahmed/nao_ws/install/nao_description/share/nao_description/nao_meshes/meshes/V40/LKneePitch_0.10.stl
-- Up-to-date symlink: /home/ahmed/nao_ws/install/nao_description/share/nao_description/nao_meshes/meshes/V40/LShoulderPitch.dae
-- Up-to-date symlink: /home/ahmed/nao_ws/install/nao_description/share/nao_description/nao_meshes/meshes/V40/LShoulderPitch_0.10.stl
-- Up-to-date symlink: /home/ahmed/nao_ws/install/nao_description/share/nao_description/nao_meshes/meshes/V40/LShoulderRoll.dae
-- Up-to-date symlink: /home/ahmed/nao_ws/install/nao_description/share/nao_description/nao_meshes/meshes/V40/LShoulderRoll_0.10.stl
-- Up-to-date symlink: /home/ahmed/nao_ws/install/nao_description/share/nao_description/nao_meshes/meshes/V40/LThumb1.dae
-- Up-to-date symlink: /home/ahmed/nao_ws/install/nao_description/share/nao_description/nao_meshes/meshes/V40/LThumb1_0.10.stl
-- Up-to-date symlink: /home/ahmed/nao_ws/install/nao_description/share/nao_description/nao_meshes/meshes/V40/LThumb2.dae
-- Up-to-date symlink: /home/ahmed/nao_ws/install/nao_description/share/nao_description/nao_meshes/meshes/V40/LThumb2_0.10.stl
-- Up-to-date symlink: /home/ahmed/nao_ws/install/nao_description/share/nao_description/nao_meshes/meshes/V40/LWristYaw.dae
-- Up-to-date symlink: /home/ahmed/nao_ws/install/nao_description/share/nao_description/nao_meshes/meshes/V40/LWristYaw_0.10.stl
-- Up-to-date symlink: /home/ahmed/nao_ws/install/nao_description/share/nao_description/nao_meshes/meshes/V40/RAnklePitch.dae
-- Up-to-date symlink: /home/ahmed/nao_ws/install/nao_description/share/nao_description/nao_meshes/meshes/V40/RAnklePitch_0.10.stl
-- Up-to-date symlink: /home/ahmed/nao_ws/install/nao_description/share/nao_description/nao_meshes/meshes/V40/RAnkleRoll.dae
-- Up-to-date symlink: /home/ahmed/nao_ws/install/nao_description/share/nao_description/nao_meshes/meshes/V40/RAnkleRoll_0.10.stl
-- Up-to-date symlink: /home/ahmed/nao_ws/install/nao_description/share/nao_description/nao_meshes/meshes/V40/RElbowRoll.dae
-- Up-to-date symlink: /home/ahmed/nao_ws/install/nao_description/share/nao_description/nao_meshes/meshes/V40/RElbowRoll_0.10.stl
-- Up-to-date symlink: /home/ahmed/nao_ws/install/nao_description/share/nao_description/nao_meshes/meshes/V40/RFinger11.dae
-- Up-to-date symlink: /home/ahmed/nao_ws/install/nao_description/share/nao_description/nao_meshes/meshes/V40/RFinger11_0.10.stl
-- Up-to-date symlink: /home/ahmed/nao_ws/install/nao_description/share/nao_description/nao_meshes/meshes/V40/RFinger12.dae
-- Up-to-date symlink: /home/ahmed/nao_ws/install/nao_description/share/nao_description/nao_meshes/meshes/V40/RFinger12_0.10.stl
-- Up-to-date symlink: /home/ahmed/nao_ws/install/nao_description/share/nao_description/nao_meshes/meshes/V40/RFinger13.dae
-- Up-to-date symlink: /home/ahmed/nao_ws/install/nao_description/share/nao_description/nao_meshes/meshes/V40/RFinger13_0.10.stl
-- Up-to-date symlink: /home/ahmed/nao_ws/install/nao_description/share/nao_description/nao_meshes/meshes/V40/RFinger21.dae
-- Up-to-date symlink: /home/ahmed/nao_ws/install/nao_description/share/nao_description/nao_meshes/meshes/V40/RFinger21_0.10.stl
-- Up-to-date symlink: /home/ahmed/nao_ws/install/nao_description/share/nao_description/nao_meshes/meshes/V40/RFinger22.dae
-- Up-to-date symlink: /home/ahmed/nao_ws/install/nao_description/share/nao_description/nao_meshes/meshes/V40/RFinger22_0.10.stl
-- Up-to-date symlink: /home/ahmed/nao_ws/install/nao_description/share/nao_description/nao_meshes/meshes/V40/RFinger23.dae
-- Up-to-date symlink: /home/ahmed/nao_ws/install/nao_description/share/nao_description/nao_meshes/meshes/V40/RFinger23_0.10.stl
-- Up-to-date symlink: /home/ahmed/nao_ws/install/nao_description/share/nao_description/nao_meshes/meshes/V40/RHipPitch.dae
-- Up-to-date symlink: /home/ahmed/nao_ws/install/nao_description/share/nao_description/nao_meshes/meshes/V40/RHipPitch_0.10.stl
-- Up-to-date symlink: /home/ahmed/nao_ws/install/nao_description/share/nao_description/nao_meshes/meshes/V40/RHipRoll.dae
-- Up-to-date symlink: /home/ahmed/nao_ws/install/nao_description/share/nao_description/nao_meshes/meshes/V40/RHipRoll_0.10.stl
-- Up-to-date symlink: /home/ahmed/nao_ws/install/nao_description/share/nao_description/nao_meshes/meshes/V40/RHipYawPitch.dae
-- Up-to-date symlink: /home/ahmed/nao_ws/install/nao_description/share/nao_description/nao_meshes/meshes/V40/RHipYawPitch_0.10.stl
-- Up-to-date symlink: /home/ahmed/nao_ws/install/nao_description/share/nao_description/nao_meshes/meshes/V40/RKneePitch.dae
-- Up-to-date symlink: /home/ahmed/nao_ws/install/nao_description/share/nao_description/nao_meshes/meshes/V40/RKneePitch_0.10.stl
-- Up-to-date symlink: /home/ahmed/nao_ws/install/nao_description/share/nao_description/nao_meshes/meshes/V40/RShoulderPitch.dae
-- Up-to-date symlink: /home/ahmed/nao_ws/install/nao_description/share/nao_description/nao_meshes/meshes/V40/RShoulderPitch_0.10.stl
-- Up-to-date symlink: /home/ahmed/nao_ws/install/nao_description/share/nao_description/nao_meshes/meshes/V40/RShoulderRoll.dae
-- Up-to-date symlink: /home/ahmed/nao_ws/install/nao_description/share/nao_description/nao_meshes/meshes/V40/RShoulderRoll_0.10.stl
-- Up-to-date symlink: /home/ahmed/nao_ws/install/nao_description/share/nao_description/nao_meshes/meshes/V40/RThumb1.dae
-- Up-to-date symlink: /home/ahmed/nao_ws/install/nao_description/share/nao_description/nao_meshes/meshes/V40/RThumb1_0.10.stl
-- Up-to-date symlink: /home/ahmed/nao_ws/install/nao_description/share/nao_description/nao_meshes/meshes/V40/RThumb2.dae
-- Up-to-date symlink: /home/ahmed/nao_ws/install/nao_description/share/nao_description/nao_meshes/meshes/V40/RThumb2_0.10.stl
-- Up-to-date symlink: /home/ahmed/nao_ws/install/nao_description/share/nao_description/nao_meshes/meshes/V40/RWristYaw.dae
-- Up-to-date symlink: /home/ahmed/nao_ws/install/nao_description/share/nao_description/nao_meshes/meshes/V40/RWristYaw_0.10.stl
-- Up-to-date symlink: /home/ahmed/nao_ws/install/nao_description/share/nao_description/nao_meshes/meshes/V40/Torso.dae
-- Up-to-date symlink: /home/ahmed/nao_ws/install/nao_description/share/nao_description/nao_meshes/meshes/V40/Torso_0.10.stl
-- Up-to-date symlink: /home/ahmed/nao_ws/install/nao_description/share/nao_description/nao_meshes/texture/textureNAO.png
-- Up-to-date symlink: /home/ahmed/nao_ws/install/nao_description/share/ament_index/resource_index/package_run_dependencies/nao_description
-- Up-to-date symlink: /home/ahmed/nao_ws/install/nao_description/share/ament_index/resource_index/parent_prefix_path/nao_description
-- Up-to-date symlink: /home/ahmed/nao_ws/install/nao_description/share/nao_description/environment/ament_prefix_path.sh
-- Up-to-date symlink: /home/ahmed/nao_ws/install/nao_description/share/nao_description/environment/ament_prefix_path.dsv
-- Up-to-date symlink: /home/ahmed/nao_ws/install/nao_description/share/nao_description/environment/path.sh
-- Up-to-date symlink: /home/ahmed/nao_ws/install/nao_description/share/nao_description/environment/path.dsv
-- Up-to-date symlink: /home/ahmed/nao_ws/install/nao_description/share/nao_description/local_setup.bash
-- Up-to-date symlink: /home/ahmed/nao_ws/install/nao_description/share/nao_description/local_setup.sh
-- Up-to-date symlink: /home/ahmed/nao_ws/install/nao_description/share/nao_description/local_setup.zsh
-- Up-to-date symlink: /home/ahmed/nao_ws/install/nao_description/share/nao_description/local_setup.dsv
-- Symlinking: /home/ahmed/nao_ws/install/nao_description/share/nao_description/package.dsv
-- Up-to-date symlink: /home/ahmed/nao_ws/install/nao_description/share/ament_index/resource_index/packages/nao_description
-- Up-to-date symlink: /home/ahmed/nao_ws/install/nao_description/share/nao_description/cmake/nao_descriptionConfig.cmake
-- Up-to-date symlink: /home/ahmed/nao_ws/install/nao_description/share/nao_description/cmake/nao_descriptionConfig-version.cmake
-- Up-to-date symlink: /home/ahmed/nao_ws/install/nao_description/share/nao_description/package.xml
