-- Found ament_cmake: 2.5.4 (/opt/ros/jazzy/share/ament_cmake/cmake)
-- Override CMake install command with custom implementation using symlinks instead of copying resources
-- Found rclcpp: 28.1.13 (/opt/ros/jazzy/share/rclcpp/cmake)
-- Found rosidl_generator_c: 4.6.6 (/opt/ros/jazzy/share/rosidl_generator_c/cmake)
-- Found rosidl_generator_cpp: 4.6.6 (/opt/ros/jazzy/share/rosidl_generator_cpp/cmake)
-- Using all available rosidl_typesupport_c: rosidl_typesupport_fastrtps_c;rosidl_typesupport_introspection_c
-- Using all available rosidl_typesupport_cpp: rosidl_typesupport_fastrtps_cpp;rosidl_typesupport_introspection_cpp
-- Found rmw_implementation_cmake: 7.3.2 (/opt/ros/jazzy/share/rmw_implementation_cmake/cmake)
-- Found rmw_fastrtps_cpp: 8.4.3 (/opt/ros/jazzy/share/rmw_fastrtps_cpp/cmake)
-- Using RMW implementation 'rmw_fastrtps_cpp' as default
-- Found robot_state_publisher: 3.3.3 (/opt/ros/jazzy/share/robot_state_publisher/cmake)
-- Found rviz2: 14.1.17 (/opt/ros/jazzy/share/rviz2/cmake)
-- Found ament_lint_auto: 0.17.3 (/opt/ros/jazzy/share/ament_lint_auto/cmake)
-- Added test 'flake8' to check Python code syntax and style conventions
-- Configured 'flake8' exclude dirs and/or files: 
-- Added test 'lint_cmake' to check CMake code style
-- Added test 'pep257' to check Python code against some of the docstring style conventions in PEP 257
-- Added test 'xmllint' to check XML markup files
-- Configuring done (1.0s)
-- Generating done (0.0s)
-- Build files have been written to: /home/ahmed/nao_ws/build/nao_description
-- Install configuration: ""
-- Execute custom install script
-- Up-to-date symlink: /home/ahmed/nao_ws/install/nao_description/share/nao_description/urdf/nao.urdf
-- Up-to-date symlink: /home/ahmed/nao_ws/install/nao_description/share/nao_description/urdf/nao_control.urdf
-- Up-to-date symlink: /home/ahmed/nao_ws/install/nao_description/share/nao_description/urdf/nao_harmonic.urdf
-- Up-to-date symlink: /home/ahmed/nao_ws/install/nao_description/share/nao_description/urdf/nao_simplified.urdf
-- Up-to-date symlink: /home/ahmed/nao_ws/install/nao_description/share/nao_description/launch/display.launch.py
-- Up-to-date symlink: /home/ahmed/nao_ws/install/nao_description/share/nao_description/launch/gazebo_control.launch.py
-- Up-to-date symlink: /home/ahmed/nao_ws/install/nao_description/share/nao_description/launch/gazebo_fortress.launch.py
-- Up-to-date symlink: /home/ahmed/nao_ws/install/nao_description/share/nao_description/launch/gazebo_gui.launch.py
-- Up-to-date symlink: /home/ahmed/nao_ws/install/nao_description/share/nao_description/launch/gazebo_harmonic.launch.py
-- Up-to-date symlink: /home/ahmed/nao_ws/install/nao_description/share/nao_description/launch/gazebo_headless.launch.py
-- Up-to-date symlink: /home/ahmed/nao_ws/install/nao_description/share/nao_description/launch/gazebo_ros_gz.launch.py
-- Up-to-date symlink: /home/ahmed/nao_ws/install/nao_description/share/nao_description/launch/gazebo_simple.launch.py
-- Up-to-date symlink: /home/ahmed/nao_ws/install/nao_description/share/nao_description/launch/gazebo_simple_control.launch.py
-- Up-to-date symlink: /home/ahmed/nao_ws/install/nao_description/share/nao_description/launch/gazebo_software_rendering.launch.py
-- Up-to-date symlink: /home/ahmed/nao_ws/install/nao_description/share/nao_description/launch/gazebo_spawn.launch.py
-- Up-to-date symlink: /home/ahmed/nao_ws/install/nao_description/share/nao_description/launch/gazebo_with_control.launch.py
-- Up-to-date symlink: /home/ahmed/nao_ws/install/nao_description/share/nao_description/launch/gazebo_with_plugins.launch.py
-- Up-to-date symlink: /home/ahmed/nao_ws/install/nao_description/share/nao_description/launch/gazebo_with_rviz.launch.py
-- Up-to-date symlink: /home/ahmed/nao_ws/install/nao_description/share/nao_description/launch/ignition.launch.py
-- Up-to-date symlink: /home/ahmed/nao_ws/install/nao_description/share/nao_description/launch/rviz_only.launch.py
-- Up-to-date symlink: /home/ahmed/nao_ws/install/nao_description/share/nao_description/launch/rviz_simple.launch.py
-- Up-to-date symlink: /home/ahmed/nao_ws/install/nao_description/share/nao_description/config/controllers.yaml
-- Up-to-date symlink: /home/ahmed/nao_ws/install/nao_description/share/nao_description/config/nao_controllers.yaml
-- Up-to-date symlink: /home/ahmed/nao_ws/install/nao_description/share/nao_description/rviz/nao_view.rviz
-- Up-to-date symlink: /home/ahmed/nao_ws/install/nao_description/share/nao_description/nao_meshes/README.md
-- Up-to-date symlink: /home/ahmed/nao_ws/install/nao_description/share/nao_description/nao_meshes/meshes/V40/HeadPitch.dae
-- Up-to-date symlink: /home/ahmed/nao_ws/install/nao_description/share/nao_description/nao_meshes/meshes/V40/HeadPitch_0.10.stl
-- Up-to-date symlink: /home/ahmed/nao_ws/install/nao_description/share/nao_description/nao_meshes/meshes/V40/HeadYaw.dae
-- Up-to-date symlink: /home/ahmed/nao_ws/install/nao_description/share/nao_description/nao_meshes/meshes/V40/HeadYaw_0.10.stl
-- Up-to-date symlink: /home/ahmed/nao_ws/install/nao_description/share/nao_description/nao_meshes/meshes/V40/LAnklePitch.dae
-- Up-to-date symlink: /home/ahmed/nao_ws/install/nao_description/share/nao_description/nao_meshes/meshes/V40/LAnklePitch_0.10.stl
-- Up-to-date symlink: /home/ahmed/nao_ws/install/nao_description/share/nao_description/nao_meshes/meshes/V40/LAnkleRoll.dae
-- Up-to-date symlink: /home/ahmed/nao_ws/install/nao_description/share/nao_description/nao_meshes/meshes/V40/LAnkleRoll_0.10.stl
-- Up-to-date symlink: /home/ahmed/nao_ws/install/nao_description/share/nao_description/nao_meshes/meshes/V40/LElbowRoll.dae
-- Up-to-date symlink: /home/ahmed/nao_ws/install/nao_description/share/nao_description/nao_meshes/meshes/V40/LElbowRoll_0.10.stl
-- Up-to-date symlink: /home/ahmed/nao_ws/install/nao_description/share/nao_description/nao_meshes/meshes/V40/LFinger11.dae
-- Up-to-date symlink: /home/ahmed/nao_ws/install/nao_description/share/nao_description/nao_meshes/meshes/V40/LFinger11_0.10.stl
-- Up-to-date symlink: /home/ahmed/nao_ws/install/nao_description/share/nao_description/nao_meshes/meshes/V40/LFinger12.dae
-- Up-to-date symlink: /home/ahmed/nao_ws/install/nao_description/share/nao_description/nao_meshes/meshes/V40/LFinger12_0.10.stl
-- Up-to-date symlink: /home/ahmed/nao_ws/install/nao_description/share/nao_description/nao_meshes/meshes/V40/LFinger13.dae
-- Up-to-date symlink: /home/ahmed/nao_ws/install/nao_description/share/nao_description/nao_meshes/meshes/V40/LFinger13_0.10.stl
-- Up-to-date symlink: /home/ahmed/nao_ws/install/nao_description/share/nao_description/nao_meshes/meshes/V40/LFinger21.dae
-- Up-to-date symlink: /home/ahmed/nao_ws/install/nao_description/share/nao_description/nao_meshes/meshes/V40/LFinger21_0.10.stl
-- Up-to-date symlink: /home/ahmed/nao_ws/install/nao_description/share/nao_description/nao_meshes/meshes/V40/LFinger22.dae
-- Up-to-date symlink: /home/ahmed/nao_ws/install/nao_description/share/nao_description/nao_meshes/meshes/V40/LFinger22_0.10.stl
-- Up-to-date symlink: /home/ahmed/nao_ws/install/nao_description/share/nao_description/nao_meshes/meshes/V40/LFinger23.dae
-- Up-to-date symlink: /home/ahmed/nao_ws/install/nao_description/share/nao_description/nao_meshes/meshes/V40/LFinger23_0.10.stl
-- Up-to-date symlink: /home/ahmed/nao_ws/install/nao_description/share/nao_description/nao_meshes/meshes/V40/LHipPitch.dae
-- Up-to-date symlink: /home/ahmed/nao_ws/install/nao_description/share/nao_description/nao_meshes/meshes/V40/LHipPitch_0.10.stl
-- Up-to-date symlink: /home/ahmed/nao_ws/install/nao_description/share/nao_description/nao_meshes/meshes/V40/LHipRoll.dae
-- Up-to-date symlink: /home/ahmed/nao_ws/install/nao_description/share/nao_description/nao_meshes/meshes/V40/LHipRoll_0.10.stl
-- Up-to-date symlink: /home/ahmed/nao_ws/install/nao_description/share/nao_description/nao_meshes/meshes/V40/LHipYawPitch.dae
-- Up-to-date symlink: /home/ahmed/nao_ws/install/nao_description/share/nao_description/nao_meshes/meshes/V40/LHipYawPitch_0.10.stl
-- Up-to-date symlink: /home/ahmed/nao_ws/install/nao_description/share/nao_description/nao_meshes/meshes/V40/LKneePitch.dae
-- Up-to-date symlink: /home/ahmed/nao_ws/install/nao_description/share/nao_description/nao_meshes/meshes/V40/LKneePitch_0.10.stl
-- Up-to-date symlink: /home/ahmed/nao_ws/install/nao_description/share/nao_description/nao_meshes/meshes/V40/LShoulderPitch.dae
-- Up-to-date symlink: /home/ahmed/nao_ws/install/nao_description/share/nao_description/nao_meshes/meshes/V40/LShoulderPitch_0.10.stl
-- Up-to-date symlink: /home/ahmed/nao_ws/install/nao_description/share/nao_description/nao_meshes/meshes/V40/LShoulderRoll.dae
-- Up-to-date symlink: /home/ahmed/nao_ws/install/nao_description/share/nao_description/nao_meshes/meshes/V40/LShoulderRoll_0.10.stl
-- Up-to-date symlink: /home/ahmed/nao_ws/install/nao_description/share/nao_description/nao_meshes/meshes/V40/LThumb1.dae
-- Up-to-date symlink: /home/ahmed/nao_ws/install/nao_description/share/nao_description/nao_meshes/meshes/V40/LThumb1_0.10.stl
-- Up-to-date symlink: /home/ahmed/nao_ws/install/nao_description/share/nao_description/nao_meshes/meshes/V40/LThumb2.dae
-- Up-to-date symlink: /home/ahmed/nao_ws/install/nao_description/share/nao_description/nao_meshes/meshes/V40/LThumb2_0.10.stl
-- Up-to-date symlink: /home/ahmed/nao_ws/install/nao_description/share/nao_description/nao_meshes/meshes/V40/LWristYaw.dae
-- Up-to-date symlink: /home/ahmed/nao_ws/install/nao_description/share/nao_description/nao_meshes/meshes/V40/LWristYaw_0.10.stl
-- Up-to-date symlink: /home/ahmed/nao_ws/install/nao_description/share/nao_description/nao_meshes/meshes/V40/RAnklePitch.dae
-- Up-to-date symlink: /home/ahmed/nao_ws/install/nao_description/share/nao_description/nao_meshes/meshes/V40/RAnklePitch_0.10.stl
-- Up-to-date symlink: /home/ahmed/nao_ws/install/nao_description/share/nao_description/nao_meshes/meshes/V40/RAnkleRoll.dae
-- Up-to-date symlink: /home/ahmed/nao_ws/install/nao_description/share/nao_description/nao_meshes/meshes/V40/RAnkleRoll_0.10.stl
-- Up-to-date symlink: /home/ahmed/nao_ws/install/nao_description/share/nao_description/nao_meshes/meshes/V40/RElbowRoll.dae
-- Up-to-date symlink: /home/ahmed/nao_ws/install/nao_description/share/nao_description/nao_meshes/meshes/V40/RElbowRoll_0.10.stl
-- Up-to-date symlink: /home/ahmed/nao_ws/install/nao_description/share/nao_description/nao_meshes/meshes/V40/RFinger11.dae
-- Up-to-date symlink: /home/ahmed/nao_ws/install/nao_description/share/nao_description/nao_meshes/meshes/V40/RFinger11_0.10.stl
-- Up-to-date symlink: /home/ahmed/nao_ws/install/nao_description/share/nao_description/nao_meshes/meshes/V40/RFinger12.dae
-- Up-to-date symlink: /home/ahmed/nao_ws/install/nao_description/share/nao_description/nao_meshes/meshes/V40/RFinger12_0.10.stl
-- Up-to-date symlink: /home/ahmed/nao_ws/install/nao_description/share/nao_description/nao_meshes/meshes/V40/RFinger13.dae
-- Up-to-date symlink: /home/ahmed/nao_ws/install/nao_description/share/nao_description/nao_meshes/meshes/V40/RFinger13_0.10.stl
-- Up-to-date symlink: /home/ahmed/nao_ws/install/nao_description/share/nao_description/nao_meshes/meshes/V40/RFinger21.dae
-- Up-to-date symlink: /home/ahmed/nao_ws/install/nao_description/share/nao_description/nao_meshes/meshes/V40/RFinger21_0.10.stl
-- Up-to-date symlink: /home/ahmed/nao_ws/install/nao_description/share/nao_description/nao_meshes/meshes/V40/RFinger22.dae
-- Up-to-date symlink: /home/ahmed/nao_ws/install/nao_description/share/nao_description/nao_meshes/meshes/V40/RFinger22_0.10.stl
-- Up-to-date symlink: /home/ahmed/nao_ws/install/nao_description/share/nao_description/nao_meshes/meshes/V40/RFinger23.dae
-- Up-to-date symlink: /home/ahmed/nao_ws/install/nao_description/share/nao_description/nao_meshes/meshes/V40/RFinger23_0.10.stl
-- Up-to-date symlink: /home/ahmed/nao_ws/install/nao_description/share/nao_description/nao_meshes/meshes/V40/RHipPitch.dae
-- Up-to-date symlink: /home/ahmed/nao_ws/install/nao_description/share/nao_description/nao_meshes/meshes/V40/RHipPitch_0.10.stl
-- Up-to-date symlink: /home/ahmed/nao_ws/install/nao_description/share/nao_description/nao_meshes/meshes/V40/RHipRoll.dae
-- Up-to-date symlink: /home/ahmed/nao_ws/install/nao_description/share/nao_description/nao_meshes/meshes/V40/RHipRoll_0.10.stl
-- Up-to-date symlink: /home/ahmed/nao_ws/install/nao_description/share/nao_description/nao_meshes/meshes/V40/RHipYawPitch.dae
-- Up-to-date symlink: /home/ahmed/nao_ws/install/nao_description/share/nao_description/nao_meshes/meshes/V40/RHipYawPitch_0.10.stl
-- Up-to-date symlink: /home/ahmed/nao_ws/install/nao_description/share/nao_description/nao_meshes/meshes/V40/RKneePitch.dae
-- Up-to-date symlink: /home/ahmed/nao_ws/install/nao_description/share/nao_description/nao_meshes/meshes/V40/RKneePitch_0.10.stl
-- Up-to-date symlink: /home/ahmed/nao_ws/install/nao_description/share/nao_description/nao_meshes/meshes/V40/RShoulderPitch.dae
-- Up-to-date symlink: /home/ahmed/nao_ws/install/nao_description/share/nao_description/nao_meshes/meshes/V40/RShoulderPitch_0.10.stl
-- Up-to-date symlink: /home/ahmed/nao_ws/install/nao_description/share/nao_description/nao_meshes/meshes/V40/RShoulderRoll.dae
-- Up-to-date symlink: /home/ahmed/nao_ws/install/nao_description/share/nao_description/nao_meshes/meshes/V40/RShoulderRoll_0.10.stl
-- Up-to-date symlink: /home/ahmed/nao_ws/install/nao_description/share/nao_description/nao_meshes/meshes/V40/RThumb1.dae
-- Up-to-date symlink: /home/ahmed/nao_ws/install/nao_description/share/nao_description/nao_meshes/meshes/V40/RThumb1_0.10.stl
-- Up-to-date symlink: /home/ahmed/nao_ws/install/nao_description/share/nao_description/nao_meshes/meshes/V40/RThumb2.dae
-- Up-to-date symlink: /home/ahmed/nao_ws/install/nao_description/share/nao_description/nao_meshes/meshes/V40/RThumb2_0.10.stl
-- Up-to-date symlink: /home/ahmed/nao_ws/install/nao_description/share/nao_description/nao_meshes/meshes/V40/RWristYaw.dae
-- Up-to-date symlink: /home/ahmed/nao_ws/install/nao_description/share/nao_description/nao_meshes/meshes/V40/RWristYaw_0.10.stl
-- Up-to-date symlink: /home/ahmed/nao_ws/install/nao_description/share/nao_description/nao_meshes/meshes/V40/Torso.dae
-- Up-to-date symlink: /home/ahmed/nao_ws/install/nao_description/share/nao_description/nao_meshes/meshes/V40/Torso_0.10.stl
-- Up-to-date symlink: /home/ahmed/nao_ws/install/nao_description/share/nao_description/nao_meshes/texture/textureNAO.png
-- Up-to-date symlink: /home/ahmed/nao_ws/install/nao_description/share/ament_index/resource_index/package_run_dependencies/nao_description
-- Up-to-date symlink: /home/ahmed/nao_ws/install/nao_description/share/ament_index/resource_index/parent_prefix_path/nao_description
-- Up-to-date symlink: /home/ahmed/nao_ws/install/nao_description/share/nao_description/environment/ament_prefix_path.sh
-- Up-to-date symlink: /home/ahmed/nao_ws/install/nao_description/share/nao_description/environment/ament_prefix_path.dsv
-- Up-to-date symlink: /home/ahmed/nao_ws/install/nao_description/share/nao_description/environment/path.sh
-- Up-to-date symlink: /home/ahmed/nao_ws/install/nao_description/share/nao_description/environment/path.dsv
-- Up-to-date symlink: /home/ahmed/nao_ws/install/nao_description/share/nao_description/local_setup.bash
-- Up-to-date symlink: /home/ahmed/nao_ws/install/nao_description/share/nao_description/local_setup.sh
-- Up-to-date symlink: /home/ahmed/nao_ws/install/nao_description/share/nao_description/local_setup.zsh
-- Up-to-date symlink: /home/ahmed/nao_ws/install/nao_description/share/nao_description/local_setup.dsv
-- Symlinking: /home/ahmed/nao_ws/install/nao_description/share/nao_description/package.dsv
-- Up-to-date symlink: /home/ahmed/nao_ws/install/nao_description/share/ament_index/resource_index/packages/nao_description
-- Up-to-date symlink: /home/ahmed/nao_ws/install/nao_description/share/nao_description/cmake/nao_descriptionConfig.cmake
-- Up-to-date symlink: /home/ahmed/nao_ws/install/nao_description/share/nao_description/cmake/nao_descriptionConfig-version.cmake
-- Up-to-date symlink: /home/ahmed/nao_ws/install/nao_description/share/nao_description/package.xml
