[0.016s] Invoking command in '/home/ahmed/nao_ws/build/nao_moveit_config': CMAKE_PREFIX_PATH=${CMAKE_PREFIX_PATH}:/opt/ros/jazzy DEBUGINFOD_URLS=https://debuginfod.ubuntu.com /usr/bin/cmake --build /home/ahmed/nao_ws/build/nao_moveit_config -- -j8 -l8
[0.072s] Invoked command in '/home/ahmed/nao_ws/build/nao_moveit_config' returned '0': CMAKE_PREFIX_PATH=${CMAKE_PREFIX_PATH}:/opt/ros/jazzy DEBUGINFOD_URLS=https://debuginfod.ubuntu.com /usr/bin/cmake --build /home/ahmed/nao_ws/build/nao_moveit_config -- -j8 -l8
[0.088s] Invoking command in '/home/ahmed/nao_ws/build/nao_moveit_config': CMAKE_PREFIX_PATH=${CMAKE_PREFIX_PATH}:/opt/ros/jazzy DEBUGINFOD_URLS=https://debuginfod.ubuntu.com /usr/bin/cmake --install /home/ahmed/nao_ws/build/nao_moveit_config
[0.105s] -- Install configuration: ""
[0.105s] -- Up-to-date: /home/ahmed/nao_ws/install/nao_moveit_config/share/nao_moveit_config/launch
[0.106s] -- Up-to-date: /home/ahmed/nao_ws/install/nao_moveit_config/share/nao_moveit_config/launch/nao_moveit_simple.launch.py
[0.106s] -- Installing: /home/ahmed/nao_ws/install/nao_moveit_config/share/nao_moveit_config/launch/nao_moveit_with_original.launch.py
[0.106s] -- Up-to-date: /home/ahmed/nao_ws/install/nao_moveit_config/share/nao_moveit_config/launch/nao_moveit_planning.launch.py
[0.106s] -- Up-to-date: /home/ahmed/nao_ws/install/nao_moveit_config/share/nao_moveit_config/launch/nao_moveit_gazebo.launch.py
[0.106s] -- Up-to-date: /home/ahmed/nao_ws/install/nao_moveit_config/share/nao_moveit_config/config
[0.107s] -- Up-to-date: /home/ahmed/nao_ws/install/nao_moveit_config/share/nao_moveit_config/config/nao_moveit.srdf
[0.107s] -- Up-to-date: /home/ahmed/nao_ws/install/nao_moveit_config/share/nao_moveit_config/config/nao_moveit.urdf
[0.107s] -- Up-to-date: /home/ahmed/nao_ws/install/nao_moveit_config/share/nao_moveit_config/config/nao_moveit.rviz
[0.107s] -- Up-to-date: /home/ahmed/nao_ws/install/nao_moveit_config/share/nao_moveit_config/config/moveit.yaml
[0.107s] -- Up-to-date: /home/ahmed/nao_ws/install/nao_moveit_config/share/nao_moveit_config/config/kinematics.yaml
[0.108s] -- Up-to-date: /home/ahmed/nao_ws/install/nao_moveit_config/share/nao_moveit_config/config/ompl_planning.yaml
[0.108s] -- Up-to-date: /home/ahmed/nao_ws/install/nao_moveit_config/share/nao_moveit_config/config/ros2_controllers.yaml
[0.108s] -- Up-to-date: /home/ahmed/nao_ws/install/nao_moveit_config/share/ament_index/resource_index/package_run_dependencies/nao_moveit_config
[0.108s] -- Up-to-date: /home/ahmed/nao_ws/install/nao_moveit_config/share/ament_index/resource_index/parent_prefix_path/nao_moveit_config
[0.108s] -- Up-to-date: /home/ahmed/nao_ws/install/nao_moveit_config/share/nao_moveit_config/environment/ament_prefix_path.sh
[0.109s] -- Up-to-date: /home/ahmed/nao_ws/install/nao_moveit_config/share/nao_moveit_config/environment/ament_prefix_path.dsv
[0.109s] -- Up-to-date: /home/ahmed/nao_ws/install/nao_moveit_config/share/nao_moveit_config/environment/path.sh
[0.109s] -- Up-to-date: /home/ahmed/nao_ws/install/nao_moveit_config/share/nao_moveit_config/environment/path.dsv
[0.109s] -- Up-to-date: /home/ahmed/nao_ws/install/nao_moveit_config/share/nao_moveit_config/local_setup.bash
[0.110s] -- Up-to-date: /home/ahmed/nao_ws/install/nao_moveit_config/share/nao_moveit_config/local_setup.sh
[0.110s] -- Up-to-date: /home/ahmed/nao_ws/install/nao_moveit_config/share/nao_moveit_config/local_setup.zsh
[0.110s] -- Up-to-date: /home/ahmed/nao_ws/install/nao_moveit_config/share/nao_moveit_config/local_setup.dsv
[0.111s] -- Installing: /home/ahmed/nao_ws/install/nao_moveit_config/share/nao_moveit_config/package.dsv
[0.112s] -- Up-to-date: /home/ahmed/nao_ws/install/nao_moveit_config/share/ament_index/resource_index/packages/nao_moveit_config
[0.112s] -- Up-to-date: /home/ahmed/nao_ws/install/nao_moveit_config/share/nao_moveit_config/cmake/nao_moveit_configConfig.cmake
[0.112s] -- Up-to-date: /home/ahmed/nao_ws/install/nao_moveit_config/share/nao_moveit_config/cmake/nao_moveit_configConfig-version.cmake
[0.113s] -- Up-to-date: /home/ahmed/nao_ws/install/nao_moveit_config/share/nao_moveit_config/package.xml
[0.114s] Invoked command in '/home/ahmed/nao_ws/build/nao_moveit_config' returned '0': CMAKE_PREFIX_PATH=${CMAKE_PREFIX_PATH}:/opt/ros/jazzy DEBUGINFOD_URLS=https://debuginfod.ubuntu.com /usr/bin/cmake --install /home/ahmed/nao_ws/build/nao_moveit_config
