[0.011s] Invoking command in '/home/ahmed/nao_ws/build/nao_moveit_config': CMAKE_PREFIX_PATH=${CMAKE_PREFIX_PATH}:/opt/ros/jazzy DEBUGINFOD_URLS=https://debuginfod.ubuntu.com /usr/bin/cmake --build /home/ahmed/nao_ws/build/nao_moveit_config -- -j8 -l8
[0.044s] Invoked command in '/home/ahmed/nao_ws/build/nao_moveit_config' returned '0': CMAKE_PREFIX_PATH=${CMAKE_PREFIX_PATH}:/opt/ros/jazzy DEBUGINFOD_URLS=https://debuginfod.ubuntu.com /usr/bin/cmake --build /home/ahmed/nao_ws/build/nao_moveit_config -- -j8 -l8
[0.051s] Invoking command in '/home/ahmed/nao_ws/build/nao_moveit_config': CMAKE_PREFIX_PATH=${CMAKE_PREFIX_PATH}:/opt/ros/jazzy DEBUGINFOD_URLS=https://debuginfod.ubuntu.com /usr/bin/cmake --install /home/ahmed/nao_ws/build/nao_moveit_config
[0.057s] -- Install configuration: ""
[0.057s] -- Up-to-date: /home/ahmed/nao_ws/install/nao_moveit_config/share/ament_index/resource_index/package_run_dependencies/nao_moveit_config
[0.057s] -- Up-to-date: /home/ahmed/nao_ws/install/nao_moveit_config/share/ament_index/resource_index/parent_prefix_path/nao_moveit_config
[0.057s] -- Up-to-date: /home/ahmed/nao_ws/install/nao_moveit_config/share/nao_moveit_config/environment/ament_prefix_path.sh
[0.057s] -- Up-to-date: /home/ahmed/nao_ws/install/nao_moveit_config/share/nao_moveit_config/environment/ament_prefix_path.dsv
[0.057s] -- Up-to-date: /home/ahmed/nao_ws/install/nao_moveit_config/share/nao_moveit_config/environment/path.sh
[0.057s] -- Up-to-date: /home/ahmed/nao_ws/install/nao_moveit_config/share/nao_moveit_config/environment/path.dsv
[0.057s] -- Up-to-date: /home/ahmed/nao_ws/install/nao_moveit_config/share/nao_moveit_config/local_setup.bash
[0.057s] -- Up-to-date: /home/ahmed/nao_ws/install/nao_moveit_config/share/nao_moveit_config/local_setup.sh
[0.058s] -- Up-to-date: /home/ahmed/nao_ws/install/nao_moveit_config/share/nao_moveit_config/local_setup.zsh
[0.058s] -- Up-to-date: /home/ahmed/nao_ws/install/nao_moveit_config/share/nao_moveit_config/local_setup.dsv
[0.058s] -- Up-to-date: /home/ahmed/nao_ws/install/nao_moveit_config/share/nao_moveit_config/package.dsv
[0.058s] -- Up-to-date: /home/ahmed/nao_ws/install/nao_moveit_config/share/ament_index/resource_index/packages/nao_moveit_config
[0.058s] -- Up-to-date: /home/ahmed/nao_ws/install/nao_moveit_config/share/nao_moveit_config/cmake/nao_moveit_configConfig.cmake
[0.058s] -- Up-to-date: /home/ahmed/nao_ws/install/nao_moveit_config/share/nao_moveit_config/cmake/nao_moveit_configConfig-version.cmake
[0.058s] -- Up-to-date: /home/ahmed/nao_ws/install/nao_moveit_config/share/nao_moveit_config/package.xml
[0.059s] Invoked command in '/home/ahmed/nao_ws/build/nao_moveit_config' returned '0': CMAKE_PREFIX_PATH=${CMAKE_PREFIX_PATH}:/opt/ros/jazzy DEBUGINFOD_URLS=https://debuginfod.ubuntu.com /usr/bin/cmake --install /home/ahmed/nao_ws/build/nao_moveit_config
