[0.010s] Invoking command in '/home/ahmed/nao_ws/build/nao_moveit_config': CMAKE_PREFIX_PATH=${CMAKE_PREFIX_PATH}:/opt/ros/jazzy DEBUGINFOD_URLS=https://debuginfod.ubuntu.com /usr/bin/cmake --build /home/ahmed/nao_ws/build/nao_moveit_config -- -j8 -l8
[0.032s] -- Found ament_cmake: 2.5.4 (/opt/ros/jazzy/share/ament_cmake/cmake)
[0.193s] -- Found moveit_ros_planning_interface: 2.12.3 (/opt/ros/jazzy/share/moveit_ros_planning_interface/cmake)
[0.201s] -- Found Boost: /usr/lib/x86_64-linux-gnu/cmake/Boost-1.83.0/BoostConfig.cmake (found version "1.83.0") found components: date_time filesystem program_options system thread 
[0.223s] -- Found rosidl_generator_c: 4.6.6 (/opt/ros/jazzy/share/rosidl_generator_c/cmake)
[0.229s] -- Found rosidl_generator_cpp: 4.6.6 (/opt/ros/jazzy/share/rosidl_generator_cpp/cmake)
[0.237s] -- Using all available rosidl_typesupport_c: rosidl_typesupport_fastrtps_c;rosidl_typesupport_introspection_c
[0.247s] -- Using all available rosidl_typesupport_cpp: rosidl_typesupport_fastrtps_cpp;rosidl_typesupport_introspection_cpp
[0.460s] -- Found Boost: /usr/lib/x86_64-linux-gnu/cmake/Boost-1.83.0/BoostConfig.cmake (found version "1.83.0") found components: chrono date_time filesystem iostreams program_options regex serialization system thread 
[0.487s] -- Found parameter_traits: 0.5.0 (/opt/ros/jazzy/share/parameter_traits/cmake)
[0.516s] -- Found rmw_implementation_cmake: 7.3.2 (/opt/ros/jazzy/share/rmw_implementation_cmake/cmake)
[0.517s] -- Found rmw_fastrtps_cpp: 8.4.3 (/opt/ros/jazzy/share/rmw_fastrtps_cpp/cmake)
[0.566s] -- Using RMW implementation 'rmw_fastrtps_cpp' as default
[0.618s] -- Found rclcpp_lifecycle: 28.1.13 (/opt/ros/jazzy/share/rclcpp_lifecycle/cmake)
[0.643s] -- Found Boost: /usr/lib/x86_64-linux-gnu/cmake/Boost-1.83.0/BoostConfig.cmake (found version "1.83.0") found components: filesystem 
[0.676s] -- Ensuring Eigen3 include directory is part of orocos-kdl CMake target
[0.772s] -- Found Boost: /usr/lib/x86_64-linux-gnu/cmake/Boost-1.83.0/BoostConfig.cmake (found version "1.83.0") found components: system filesystem date_time program_options thread chrono 
[0.808s] -- Found Boost: /usr/lib/x86_64-linux-gnu/cmake/Boost-1.83.0/BoostConfig.cmake (found version "1.83.0") found components: thread system filesystem regex date_time program_options 
[0.827s] -- Found Boost: /usr/lib/x86_64-linux-gnu/cmake/Boost-1.83.0/BoostConfig.cmake (found version "1.83.0") found components: system filesystem date_time program_options thread 
[0.855s] -- Found moveit_kinematics: 2.12.3 (/opt/ros/jazzy/share/moveit_kinematics/cmake)
[0.858s] -- Found Boost: /usr/lib/x86_64-linux-gnu/cmake/Boost-1.83.0/BoostConfig.cmake (found version "1.83.0") found components: program_options system 
[0.870s] -- Found moveit_planners: 2.12.3 (/opt/ros/jazzy/share/moveit_planners/cmake)
[0.870s] -- Found moveit_simple_controller_manager: 2.12.3 (/opt/ros/jazzy/share/moveit_simple_controller_manager/cmake)
[0.873s] -- Found Boost: /usr/lib/x86_64-linux-gnu/cmake/Boost-1.83.0/BoostConfig.cmake (found version "1.83.0") found components: thread 
[0.911s] -- Found ament_lint_auto: 0.17.3 (/opt/ros/jazzy/share/ament_lint_auto/cmake)
[0.981s] -- Added test 'flake8' to check Python code syntax and style conventions
[0.981s] -- Configured 'flake8' exclude dirs and/or files: 
[0.981s] -- Added test 'lint_cmake' to check CMake code style
[0.982s] -- Added test 'pep257' to check Python code against some of the docstring style conventions in PEP 257
[0.982s] -- Added test 'xmllint' to check XML markup files
[0.983s] -- Configuring done (1.0s)
[0.987s] -- Generating done (0.0s)
[0.989s] -- Build files have been written to: /home/ahmed/nao_ws/build/nao_moveit_config
[1.016s] Invoked command in '/home/ahmed/nao_ws/build/nao_moveit_config' returned '0': CMAKE_PREFIX_PATH=${CMAKE_PREFIX_PATH}:/opt/ros/jazzy DEBUGINFOD_URLS=https://debuginfod.ubuntu.com /usr/bin/cmake --build /home/ahmed/nao_ws/build/nao_moveit_config -- -j8 -l8
[1.024s] Invoking command in '/home/ahmed/nao_ws/build/nao_moveit_config': CMAKE_PREFIX_PATH=${CMAKE_PREFIX_PATH}:/opt/ros/jazzy DEBUGINFOD_URLS=https://debuginfod.ubuntu.com /usr/bin/cmake --install /home/ahmed/nao_ws/build/nao_moveit_config
[1.030s] -- Install configuration: ""
[1.030s] -- Installing: /home/ahmed/nao_ws/install/nao_moveit_config/share/nao_moveit_config/launch
[1.030s] -- Installing: /home/ahmed/nao_ws/install/nao_moveit_config/share/nao_moveit_config/launch/nao_moveit_simple.launch.py
[1.030s] -- Installing: /home/ahmed/nao_ws/install/nao_moveit_config/share/nao_moveit_config/launch/nao_moveit_gazebo.launch.py
[1.030s] -- Installing: /home/ahmed/nao_ws/install/nao_moveit_config/share/nao_moveit_config/config
[1.030s] -- Installing: /home/ahmed/nao_ws/install/nao_moveit_config/share/nao_moveit_config/config/nao_moveit.srdf
[1.030s] -- Installing: /home/ahmed/nao_ws/install/nao_moveit_config/share/nao_moveit_config/config/nao_moveit.urdf
[1.030s] -- Installing: /home/ahmed/nao_ws/install/nao_moveit_config/share/nao_moveit_config/config/nao_moveit.rviz
[1.030s] -- Installing: /home/ahmed/nao_ws/install/nao_moveit_config/share/nao_moveit_config/config/moveit.yaml
[1.030s] -- Installing: /home/ahmed/nao_ws/install/nao_moveit_config/share/nao_moveit_config/config/kinematics.yaml
[1.031s] -- Installing: /home/ahmed/nao_ws/install/nao_moveit_config/share/nao_moveit_config/config/ompl_planning.yaml
[1.031s] -- Installing: /home/ahmed/nao_ws/install/nao_moveit_config/share/nao_moveit_config/config/ros2_controllers.yaml
[1.031s] -- Up-to-date: /home/ahmed/nao_ws/install/nao_moveit_config/share/ament_index/resource_index/package_run_dependencies/nao_moveit_config
[1.031s] -- Installing: /home/ahmed/nao_ws/install/nao_moveit_config/share/ament_index/resource_index/parent_prefix_path/nao_moveit_config
[1.031s] -- Up-to-date: /home/ahmed/nao_ws/install/nao_moveit_config/share/nao_moveit_config/environment/ament_prefix_path.sh
[1.031s] -- Up-to-date: /home/ahmed/nao_ws/install/nao_moveit_config/share/nao_moveit_config/environment/ament_prefix_path.dsv
[1.031s] -- Up-to-date: /home/ahmed/nao_ws/install/nao_moveit_config/share/nao_moveit_config/environment/path.sh
[1.031s] -- Up-to-date: /home/ahmed/nao_ws/install/nao_moveit_config/share/nao_moveit_config/environment/path.dsv
[1.031s] -- Up-to-date: /home/ahmed/nao_ws/install/nao_moveit_config/share/nao_moveit_config/local_setup.bash
[1.031s] -- Up-to-date: /home/ahmed/nao_ws/install/nao_moveit_config/share/nao_moveit_config/local_setup.sh
[1.031s] -- Up-to-date: /home/ahmed/nao_ws/install/nao_moveit_config/share/nao_moveit_config/local_setup.zsh
[1.031s] -- Up-to-date: /home/ahmed/nao_ws/install/nao_moveit_config/share/nao_moveit_config/local_setup.dsv
[1.031s] -- Installing: /home/ahmed/nao_ws/install/nao_moveit_config/share/nao_moveit_config/package.dsv
[1.031s] -- Up-to-date: /home/ahmed/nao_ws/install/nao_moveit_config/share/ament_index/resource_index/packages/nao_moveit_config
[1.031s] -- Up-to-date: /home/ahmed/nao_ws/install/nao_moveit_config/share/nao_moveit_config/cmake/nao_moveit_configConfig.cmake
[1.031s] -- Up-to-date: /home/ahmed/nao_ws/install/nao_moveit_config/share/nao_moveit_config/cmake/nao_moveit_configConfig-version.cmake
[1.031s] -- Up-to-date: /home/ahmed/nao_ws/install/nao_moveit_config/share/nao_moveit_config/package.xml
[1.032s] Invoked command in '/home/ahmed/nao_ws/build/nao_moveit_config' returned '0': CMAKE_PREFIX_PATH=${CMAKE_PREFIX_PATH}:/opt/ros/jazzy DEBUGINFOD_URLS=https://debuginfod.ubuntu.com /usr/bin/cmake --install /home/ahmed/nao_ws/build/nao_moveit_config
