[0.012s] Invoking command in '/home/ahmed/nao_ws/build/nao_moveit_config': CMAKE_PREFIX_PATH=${CMAKE_PREFIX_PATH}:/opt/ros/jazzy DEBUGINFOD_URLS=https://debuginfod.ubuntu.com /usr/bin/cmake /home/ahmed/nao_ws/src/proj-nao-Group3/nao_moveit_config -DCMAKE_INSTALL_PREFIX=/home/ahmed/nao_ws/install/nao_moveit_config
[0.123s] -- The C compiler identification is GNU 13.3.0
[0.211s] -- The CXX compiler identification is GNU 13.3.0
[0.232s] -- Detecting C compiler ABI info
[0.301s] -- Detecting C compiler ABI info - done
[0.308s] -- Check for working C compiler: /usr/bin/cc - skipped
[0.309s] -- Detecting C compile features
[0.309s] -- Detecting C compile features - done
[0.317s] -- Detecting CXX compiler ABI info
[0.388s] -- Detecting CXX compiler ABI info - done
[0.398s] -- Check for working CXX compiler: /usr/bin/c++ - skipped
[0.398s] -- Detecting CXX compile features
[0.399s] -- Detecting CXX compile features - done
[0.412s] -- Found ament_cmake: 2.5.4 (/opt/ros/jazzy/share/ament_cmake/cmake)
[0.535s] -- Found Python3: /usr/bin/python3 (found version "3.12.3") found components: Interpreter 
[0.681s] -- Found moveit_ros_planning_interface: 2.12.3 (/opt/ros/jazzy/share/moveit_ros_planning_interface/cmake)
[0.802s] -- Found Boost: /usr/lib/x86_64-linux-gnu/cmake/Boost-1.83.0/BoostConfig.cmake (found version "1.83.0") found components: date_time filesystem program_options system thread 
[0.866s] -- Found rosidl_generator_c: 4.6.6 (/opt/ros/jazzy/share/rosidl_generator_c/cmake)
[0.882s] -- Found rosidl_generator_cpp: 4.6.6 (/opt/ros/jazzy/share/rosidl_generator_cpp/cmake)
[0.904s] -- Using all available rosidl_typesupport_c: rosidl_typesupport_fastrtps_c;rosidl_typesupport_introspection_c
[0.926s] -- Using all available rosidl_typesupport_cpp: rosidl_typesupport_fastrtps_cpp;rosidl_typesupport_introspection_cpp
[1.233s] -- Found Boost: /usr/lib/x86_64-linux-gnu/cmake/Boost-1.83.0/BoostConfig.cmake (found version "1.83.0") found components: chrono date_time filesystem iostreams program_options regex serialization system thread 
[1.313s] -- Found parameter_traits: 0.5.0 (/opt/ros/jazzy/share/parameter_traits/cmake)
[1.376s] -- Found rmw_implementation_cmake: 7.3.2 (/opt/ros/jazzy/share/rmw_implementation_cmake/cmake)
[1.382s] -- Found rmw_fastrtps_cpp: 8.4.3 (/opt/ros/jazzy/share/rmw_fastrtps_cpp/cmake)
[1.468s] -- Found OpenSSL: /usr/lib/x86_64-linux-gnu/libcrypto.so (found version "3.0.13")  
[1.483s] -- Found FastRTPS: /opt/ros/jazzy/include (Required is at least version "2.13") 
[1.502s] -- Using RMW implementation 'rmw_fastrtps_cpp' as default
[1.605s] -- Found rclcpp_lifecycle: 28.1.13 (/opt/ros/jazzy/share/rclcpp_lifecycle/cmake)
[1.648s] -- Found Boost: /usr/lib/x86_64-linux-gnu/cmake/Boost-1.83.0/BoostConfig.cmake (found version "1.83.0") found components: filesystem 
[1.715s] -- Found Eigen3: TRUE (found version "3.4.0") 
[1.715s] -- Ensuring Eigen3 include directory is part of orocos-kdl CMake target
[1.887s] -- Found Boost: /usr/lib/x86_64-linux-gnu/cmake/Boost-1.83.0/BoostConfig.cmake (found version "1.83.0") found components: system filesystem date_time program_options thread chrono 
[1.928s] -- Found Boost: /usr/lib/x86_64-linux-gnu/cmake/Boost-1.83.0/BoostConfig.cmake (found version "1.83.0") found components: thread system filesystem regex date_time program_options 
[1.950s] -- Found Boost: /usr/lib/x86_64-linux-gnu/cmake/Boost-1.83.0/BoostConfig.cmake (found version "1.83.0") found components: system filesystem date_time program_options thread 
[1.988s] -- Found moveit_kinematics: 2.12.3 (/opt/ros/jazzy/share/moveit_kinematics/cmake)
[1.991s] -- Found Boost: /usr/lib/x86_64-linux-gnu/cmake/Boost-1.83.0/BoostConfig.cmake (found version "1.83.0") found components: program_options system 
[2.005s] -- Found moveit_planners: 2.12.3 (/opt/ros/jazzy/share/moveit_planners/cmake)
[2.008s] -- Found moveit_simple_controller_manager: 2.12.3 (/opt/ros/jazzy/share/moveit_simple_controller_manager/cmake)
[2.010s] -- Found Boost: /usr/lib/x86_64-linux-gnu/cmake/Boost-1.83.0/BoostConfig.cmake (found version "1.83.0") found components: thread 
[2.064s] -- Found ament_lint_auto: 0.17.3 (/opt/ros/jazzy/share/ament_lint_auto/cmake)
[2.162s] -- Added test 'flake8' to check Python code syntax and style conventions
[2.162s] -- Configured 'flake8' exclude dirs and/or files: 
[2.163s] -- Added test 'lint_cmake' to check CMake code style
[2.163s] -- Added test 'pep257' to check Python code against some of the docstring style conventions in PEP 257
[2.164s] -- Added test 'xmllint' to check XML markup files
[2.166s] -- Configuring done (2.1s)
[2.171s] -- Generating done (0.0s)
[2.173s] -- Build files have been written to: /home/ahmed/nao_ws/build/nao_moveit_config
[2.185s] Invoked command in '/home/ahmed/nao_ws/build/nao_moveit_config' returned '0': CMAKE_PREFIX_PATH=${CMAKE_PREFIX_PATH}:/opt/ros/jazzy DEBUGINFOD_URLS=https://debuginfod.ubuntu.com /usr/bin/cmake /home/ahmed/nao_ws/src/proj-nao-Group3/nao_moveit_config -DCMAKE_INSTALL_PREFIX=/home/ahmed/nao_ws/install/nao_moveit_config
[2.186s] Invoking command in '/home/ahmed/nao_ws/build/nao_moveit_config': CMAKE_PREFIX_PATH=${CMAKE_PREFIX_PATH}:/opt/ros/jazzy DEBUGINFOD_URLS=https://debuginfod.ubuntu.com /usr/bin/cmake --build /home/ahmed/nao_ws/build/nao_moveit_config -- -j8 -l8
[2.219s] Invoked command in '/home/ahmed/nao_ws/build/nao_moveit_config' returned '0': CMAKE_PREFIX_PATH=${CMAKE_PREFIX_PATH}:/opt/ros/jazzy DEBUGINFOD_URLS=https://debuginfod.ubuntu.com /usr/bin/cmake --build /home/ahmed/nao_ws/build/nao_moveit_config -- -j8 -l8
[2.227s] Invoking command in '/home/ahmed/nao_ws/build/nao_moveit_config': CMAKE_PREFIX_PATH=${CMAKE_PREFIX_PATH}:/opt/ros/jazzy DEBUGINFOD_URLS=https://debuginfod.ubuntu.com /usr/bin/cmake --install /home/ahmed/nao_ws/build/nao_moveit_config
[2.233s] -- Install configuration: ""
[2.233s] -- Installing: /home/ahmed/nao_ws/install/nao_moveit_config/share/ament_index/resource_index/package_run_dependencies/nao_moveit_config
[2.233s] -- Installing: /home/ahmed/nao_ws/install/nao_moveit_config/share/ament_index/resource_index/parent_prefix_path/nao_moveit_config
[2.233s] -- Installing: /home/ahmed/nao_ws/install/nao_moveit_config/share/nao_moveit_config/environment/ament_prefix_path.sh
[2.233s] -- Installing: /home/ahmed/nao_ws/install/nao_moveit_config/share/nao_moveit_config/environment/ament_prefix_path.dsv
[2.233s] -- Installing: /home/ahmed/nao_ws/install/nao_moveit_config/share/nao_moveit_config/environment/path.sh
[2.233s] -- Installing: /home/ahmed/nao_ws/install/nao_moveit_config/share/nao_moveit_config/environment/path.dsv
[2.233s] -- Installing: /home/ahmed/nao_ws/install/nao_moveit_config/share/nao_moveit_config/local_setup.bash
[2.233s] -- Installing: /home/ahmed/nao_ws/install/nao_moveit_config/share/nao_moveit_config/local_setup.sh
[2.233s] -- Installing: /home/ahmed/nao_ws/install/nao_moveit_config/share/nao_moveit_config/local_setup.zsh
[2.233s] -- Installing: /home/ahmed/nao_ws/install/nao_moveit_config/share/nao_moveit_config/local_setup.dsv
[2.234s] -- Installing: /home/ahmed/nao_ws/install/nao_moveit_config/share/nao_moveit_config/package.dsv
[2.234s] -- Installing: /home/ahmed/nao_ws/install/nao_moveit_config/share/ament_index/resource_index/packages/nao_moveit_config
[2.234s] -- Installing: /home/ahmed/nao_ws/install/nao_moveit_config/share/nao_moveit_config/cmake/nao_moveit_configConfig.cmake
[2.234s] -- Installing: /home/ahmed/nao_ws/install/nao_moveit_config/share/nao_moveit_config/cmake/nao_moveit_configConfig-version.cmake
[2.234s] -- Installing: /home/ahmed/nao_ws/install/nao_moveit_config/share/nao_moveit_config/package.xml
[2.235s] Invoked command in '/home/ahmed/nao_ws/build/nao_moveit_config' returned '0': CMAKE_PREFIX_PATH=${CMAKE_PREFIX_PATH}:/opt/ros/jazzy DEBUGINFOD_URLS=https://debuginfod.ubuntu.com /usr/bin/cmake --install /home/ahmed/nao_ws/build/nao_moveit_config
