[0.197s] DEBUG:colcon:Command line arguments: ['/usr/bin/colcon', 'build', '--packages-select', 'nao_moveit_config']
[0.197s] DEBUG:colcon:Parsed command line arguments: Namespace(log_base=None, log_level=None, verb_name='build', build_base='build', install_base='install', merge_install=False, symlink_install=False, test_result_base=None, continue_on_error=False, executor='parallel', parallel_workers=8, event_handlers=None, ignore_user_meta=False, metas=['./colcon.meta'], base_paths=['.'], packages_ignore=None, packages_ignore_regex=None, paths=None, packages_up_to=None, packages_up_to_regex=None, packages_above=None, packages_above_and_dependencies=None, packages_above_depth=None, packages_select_by_dep=None, packages_skip_by_dep=None, packages_skip_up_to=None, packages_select_build_failed=False, packages_skip_build_finished=False, packages_select_test_failures=False, packages_skip_test_passed=False, packages_select=['nao_moveit_config'], packages_skip=None, packages_select_regex=None, packages_skip_regex=None, packages_start=None, packages_end=None, allow_overriding=[], cmake_args=None, cmake_target=None, cmake_target_skip_unavailable=False, cmake_clean_cache=False, cmake_clean_first=False, cmake_force_configure=False, ament_cmake_args=None, catkin_cmake_args=None, catkin_skip_building_tests=False, verb_parser=<colcon_defaults.argument_parser.defaults.DefaultArgumentsDecorator object at 0x793bea708680>, verb_extension=<colcon_core.verb.build.BuildVerb object at 0x793bea836de0>, main=<bound method BuildVerb.main of <colcon_core.verb.build.BuildVerb object at 0x793bea836de0>>)
[0.245s] Level 1:colcon.colcon_core.package_discovery:discover_packages(colcon_meta) check parameters
[0.246s] Level 1:colcon.colcon_core.package_discovery:discover_packages(recursive) check parameters
[0.246s] Level 1:colcon.colcon_core.package_discovery:discover_packages(ignore) check parameters
[0.246s] Level 1:colcon.colcon_core.package_discovery:discover_packages(path) check parameters
[0.246s] Level 1:colcon.colcon_core.package_discovery:discover_packages(colcon_meta) discover
[0.246s] Level 1:colcon.colcon_core.package_discovery:discover_packages(recursive) discover
[0.246s] INFO:colcon.colcon_core.package_discovery:Crawling recursively for packages in '/home/ahmed/nao_ws'
[0.246s] Level 1:colcon.colcon_core.package_identification:_identify(.) by extensions ['ignore', 'ignore_ament_install']
[0.246s] Level 1:colcon.colcon_core.package_identification:_identify(.) by extension 'ignore'
[0.246s] Level 1:colcon.colcon_core.package_identification:_identify(.) by extension 'ignore_ament_install'
[0.246s] Level 1:colcon.colcon_core.package_identification:_identify(.) by extensions ['colcon_pkg']
[0.246s] Level 1:colcon.colcon_core.package_identification:_identify(.) by extension 'colcon_pkg'
[0.246s] Level 1:colcon.colcon_core.package_identification:_identify(.) by extensions ['colcon_meta']
[0.246s] Level 1:colcon.colcon_core.package_identification:_identify(.) by extension 'colcon_meta'
[0.246s] Level 1:colcon.colcon_core.package_identification:_identify(.) by extensions ['ros']
[0.246s] Level 1:colcon.colcon_core.package_identification:_identify(.) by extension 'ros'
[0.272s] Level 1:colcon.colcon_core.package_identification:_identify(.) by extensions ['cmake', 'python']
[0.273s] Level 1:colcon.colcon_core.package_identification:_identify(.) by extension 'cmake'
[0.273s] Level 1:colcon.colcon_core.package_identification:_identify(.) by extension 'python'
[0.273s] Level 1:colcon.colcon_core.package_identification:_identify(.) by extensions ['python_setup_py']
[0.273s] Level 1:colcon.colcon_core.package_identification:_identify(.) by extension 'python_setup_py'
[0.273s] Level 1:colcon.colcon_core.package_identification:_identify(build) by extensions ['ignore', 'ignore_ament_install']
[0.273s] Level 1:colcon.colcon_core.package_identification:_identify(build) by extension 'ignore'
[0.273s] Level 1:colcon.colcon_core.package_identification:_identify(build) ignored
[0.273s] Level 1:colcon.colcon_core.package_identification:_identify(install) by extensions ['ignore', 'ignore_ament_install']
[0.273s] Level 1:colcon.colcon_core.package_identification:_identify(install) by extension 'ignore'
[0.273s] Level 1:colcon.colcon_core.package_identification:_identify(install) ignored
[0.273s] Level 1:colcon.colcon_core.package_identification:_identify(log) by extensions ['ignore', 'ignore_ament_install']
[0.273s] Level 1:colcon.colcon_core.package_identification:_identify(log) by extension 'ignore'
[0.274s] Level 1:colcon.colcon_core.package_identification:_identify(log) ignored
[0.274s] Level 1:colcon.colcon_core.package_identification:_identify(src) by extensions ['ignore', 'ignore_ament_install']
[0.274s] Level 1:colcon.colcon_core.package_identification:_identify(src) by extension 'ignore'
[0.274s] Level 1:colcon.colcon_core.package_identification:_identify(src) by extension 'ignore_ament_install'
[0.274s] Level 1:colcon.colcon_core.package_identification:_identify(src) by extensions ['colcon_pkg']
[0.274s] Level 1:colcon.colcon_core.package_identification:_identify(src) by extension 'colcon_pkg'
[0.274s] Level 1:colcon.colcon_core.package_identification:_identify(src) by extensions ['colcon_meta']
[0.274s] Level 1:colcon.colcon_core.package_identification:_identify(src) by extension 'colcon_meta'
[0.274s] Level 1:colcon.colcon_core.package_identification:_identify(src) by extensions ['ros']
[0.274s] Level 1:colcon.colcon_core.package_identification:_identify(src) by extension 'ros'
[0.274s] Level 1:colcon.colcon_core.package_identification:_identify(src) by extensions ['cmake', 'python']
[0.274s] Level 1:colcon.colcon_core.package_identification:_identify(src) by extension 'cmake'
[0.274s] Level 1:colcon.colcon_core.package_identification:_identify(src) by extension 'python'
[0.274s] Level 1:colcon.colcon_core.package_identification:_identify(src) by extensions ['python_setup_py']
[0.274s] Level 1:colcon.colcon_core.package_identification:_identify(src) by extension 'python_setup_py'
[0.274s] Level 1:colcon.colcon_core.package_identification:_identify(src/gazebo_ros_pkgs) by extensions ['ignore', 'ignore_ament_install']
[0.275s] Level 1:colcon.colcon_core.package_identification:_identify(src/gazebo_ros_pkgs) by extension 'ignore'
[0.275s] Level 1:colcon.colcon_core.package_identification:_identify(src/gazebo_ros_pkgs) by extension 'ignore_ament_install'
[0.275s] Level 1:colcon.colcon_core.package_identification:_identify(src/gazebo_ros_pkgs) by extensions ['colcon_pkg']
[0.275s] Level 1:colcon.colcon_core.package_identification:_identify(src/gazebo_ros_pkgs) by extension 'colcon_pkg'
[0.275s] Level 1:colcon.colcon_core.package_identification:_identify(src/gazebo_ros_pkgs) by extensions ['colcon_meta']
[0.275s] Level 1:colcon.colcon_core.package_identification:_identify(src/gazebo_ros_pkgs) by extension 'colcon_meta'
[0.275s] Level 1:colcon.colcon_core.package_identification:_identify(src/gazebo_ros_pkgs) by extensions ['ros']
[0.275s] Level 1:colcon.colcon_core.package_identification:_identify(src/gazebo_ros_pkgs) by extension 'ros'
[0.275s] Level 1:colcon.colcon_core.package_identification:_identify(src/gazebo_ros_pkgs) by extensions ['cmake', 'python']
[0.275s] Level 1:colcon.colcon_core.package_identification:_identify(src/gazebo_ros_pkgs) by extension 'cmake'
[0.275s] Level 1:colcon.colcon_core.package_identification:_identify(src/gazebo_ros_pkgs) by extension 'python'
[0.275s] Level 1:colcon.colcon_core.package_identification:_identify(src/gazebo_ros_pkgs) by extensions ['python_setup_py']
[0.275s] Level 1:colcon.colcon_core.package_identification:_identify(src/gazebo_ros_pkgs) by extension 'python_setup_py'
[0.275s] Level 1:colcon.colcon_core.package_identification:_identify(src/gazebo_ros_pkgs/gazebo_dev) by extensions ['ignore', 'ignore_ament_install']
[0.275s] Level 1:colcon.colcon_core.package_identification:_identify(src/gazebo_ros_pkgs/gazebo_dev) by extension 'ignore'
[0.275s] Level 1:colcon.colcon_core.package_identification:_identify(src/gazebo_ros_pkgs/gazebo_dev) by extension 'ignore_ament_install'
[0.275s] Level 1:colcon.colcon_core.package_identification:_identify(src/gazebo_ros_pkgs/gazebo_dev) by extensions ['colcon_pkg']
[0.275s] Level 1:colcon.colcon_core.package_identification:_identify(src/gazebo_ros_pkgs/gazebo_dev) by extension 'colcon_pkg'
[0.276s] Level 1:colcon.colcon_core.package_identification:_identify(src/gazebo_ros_pkgs/gazebo_dev) by extensions ['colcon_meta']
[0.276s] Level 1:colcon.colcon_core.package_identification:_identify(src/gazebo_ros_pkgs/gazebo_dev) by extension 'colcon_meta'
[0.276s] Level 1:colcon.colcon_core.package_identification:_identify(src/gazebo_ros_pkgs/gazebo_dev) by extensions ['ros']
[0.276s] Level 1:colcon.colcon_core.package_identification:_identify(src/gazebo_ros_pkgs/gazebo_dev) by extension 'ros'
[0.279s] DEBUG:colcon.colcon_core.package_identification:Package 'src/gazebo_ros_pkgs/gazebo_dev' with type 'ros.ament_cmake' and name 'gazebo_dev'
[0.280s] Level 1:colcon.colcon_core.package_identification:_identify(src/gazebo_ros_pkgs/gazebo_msgs) by extensions ['ignore', 'ignore_ament_install']
[0.280s] Level 1:colcon.colcon_core.package_identification:_identify(src/gazebo_ros_pkgs/gazebo_msgs) by extension 'ignore'
[0.280s] Level 1:colcon.colcon_core.package_identification:_identify(src/gazebo_ros_pkgs/gazebo_msgs) by extension 'ignore_ament_install'
[0.280s] Level 1:colcon.colcon_core.package_identification:_identify(src/gazebo_ros_pkgs/gazebo_msgs) by extensions ['colcon_pkg']
[0.280s] Level 1:colcon.colcon_core.package_identification:_identify(src/gazebo_ros_pkgs/gazebo_msgs) by extension 'colcon_pkg'
[0.280s] Level 1:colcon.colcon_core.package_identification:_identify(src/gazebo_ros_pkgs/gazebo_msgs) by extensions ['colcon_meta']
[0.280s] Level 1:colcon.colcon_core.package_identification:_identify(src/gazebo_ros_pkgs/gazebo_msgs) by extension 'colcon_meta'
[0.280s] Level 1:colcon.colcon_core.package_identification:_identify(src/gazebo_ros_pkgs/gazebo_msgs) by extensions ['ros']
[0.280s] Level 1:colcon.colcon_core.package_identification:_identify(src/gazebo_ros_pkgs/gazebo_msgs) by extension 'ros'
[0.280s] DEBUG:colcon.colcon_core.package_identification:Package 'src/gazebo_ros_pkgs/gazebo_msgs' with type 'ros.ament_cmake' and name 'gazebo_msgs'
[0.281s] Level 1:colcon.colcon_core.package_identification:_identify(src/gazebo_ros_pkgs/gazebo_plugins) by extensions ['ignore', 'ignore_ament_install']
[0.281s] Level 1:colcon.colcon_core.package_identification:_identify(src/gazebo_ros_pkgs/gazebo_plugins) by extension 'ignore'
[0.281s] Level 1:colcon.colcon_core.package_identification:_identify(src/gazebo_ros_pkgs/gazebo_plugins) by extension 'ignore_ament_install'
[0.281s] Level 1:colcon.colcon_core.package_identification:_identify(src/gazebo_ros_pkgs/gazebo_plugins) by extensions ['colcon_pkg']
[0.281s] Level 1:colcon.colcon_core.package_identification:_identify(src/gazebo_ros_pkgs/gazebo_plugins) by extension 'colcon_pkg'
[0.281s] Level 1:colcon.colcon_core.package_identification:_identify(src/gazebo_ros_pkgs/gazebo_plugins) by extensions ['colcon_meta']
[0.281s] Level 1:colcon.colcon_core.package_identification:_identify(src/gazebo_ros_pkgs/gazebo_plugins) by extension 'colcon_meta'
[0.281s] Level 1:colcon.colcon_core.package_identification:_identify(src/gazebo_ros_pkgs/gazebo_plugins) by extensions ['ros']
[0.281s] Level 1:colcon.colcon_core.package_identification:_identify(src/gazebo_ros_pkgs/gazebo_plugins) by extension 'ros'
[0.283s] DEBUG:colcon.colcon_core.package_identification:Package 'src/gazebo_ros_pkgs/gazebo_plugins' with type 'ros.ament_cmake' and name 'gazebo_plugins'
[0.283s] Level 1:colcon.colcon_core.package_identification:_identify(src/gazebo_ros_pkgs/gazebo_ros) by extensions ['ignore', 'ignore_ament_install']
[0.283s] Level 1:colcon.colcon_core.package_identification:_identify(src/gazebo_ros_pkgs/gazebo_ros) by extension 'ignore'
[0.283s] Level 1:colcon.colcon_core.package_identification:_identify(src/gazebo_ros_pkgs/gazebo_ros) by extension 'ignore_ament_install'
[0.283s] Level 1:colcon.colcon_core.package_identification:_identify(src/gazebo_ros_pkgs/gazebo_ros) by extensions ['colcon_pkg']
[0.283s] Level 1:colcon.colcon_core.package_identification:_identify(src/gazebo_ros_pkgs/gazebo_ros) by extension 'colcon_pkg'
[0.283s] Level 1:colcon.colcon_core.package_identification:_identify(src/gazebo_ros_pkgs/gazebo_ros) by extensions ['colcon_meta']
[0.283s] Level 1:colcon.colcon_core.package_identification:_identify(src/gazebo_ros_pkgs/gazebo_ros) by extension 'colcon_meta'
[0.283s] Level 1:colcon.colcon_core.package_identification:_identify(src/gazebo_ros_pkgs/gazebo_ros) by extensions ['ros']
[0.283s] Level 1:colcon.colcon_core.package_identification:_identify(src/gazebo_ros_pkgs/gazebo_ros) by extension 'ros'
[0.285s] DEBUG:colcon.colcon_core.package_identification:Package 'src/gazebo_ros_pkgs/gazebo_ros' with type 'ros.ament_cmake' and name 'gazebo_ros'
[0.285s] Level 1:colcon.colcon_core.package_identification:_identify(src/gazebo_ros_pkgs/gazebo_ros_control) by extensions ['ignore', 'ignore_ament_install']
[0.285s] Level 1:colcon.colcon_core.package_identification:_identify(src/gazebo_ros_pkgs/gazebo_ros_control) by extension 'ignore'
[0.285s] Level 1:colcon.colcon_core.package_identification:_identify(src/gazebo_ros_pkgs/gazebo_ros_control) by extension 'ignore_ament_install'
[0.285s] Level 1:colcon.colcon_core.package_identification:_identify(src/gazebo_ros_pkgs/gazebo_ros_control) by extensions ['colcon_pkg']
[0.285s] Level 1:colcon.colcon_core.package_identification:_identify(src/gazebo_ros_pkgs/gazebo_ros_control) by extension 'colcon_pkg'
[0.285s] Level 1:colcon.colcon_core.package_identification:_identify(src/gazebo_ros_pkgs/gazebo_ros_control) by extensions ['colcon_meta']
[0.285s] Level 1:colcon.colcon_core.package_identification:_identify(src/gazebo_ros_pkgs/gazebo_ros_control) by extension 'colcon_meta'
[0.286s] Level 1:colcon.colcon_core.package_identification:_identify(src/gazebo_ros_pkgs/gazebo_ros_control) by extensions ['ros']
[0.286s] Level 1:colcon.colcon_core.package_identification:_identify(src/gazebo_ros_pkgs/gazebo_ros_control) by extension 'ros'
[0.286s] Level 1:colcon.colcon_core.package_identification:_identify(src/gazebo_ros_pkgs/gazebo_ros_control) by extensions ['cmake', 'python']
[0.286s] Level 1:colcon.colcon_core.package_identification:_identify(src/gazebo_ros_pkgs/gazebo_ros_control) by extension 'cmake'
[0.286s] Level 1:colcon.colcon_core.package_identification:_identify(src/gazebo_ros_pkgs/gazebo_ros_control) by extension 'python'
[0.286s] Level 1:colcon.colcon_core.package_identification:_identify(src/gazebo_ros_pkgs/gazebo_ros_control) by extensions ['python_setup_py']
[0.286s] Level 1:colcon.colcon_core.package_identification:_identify(src/gazebo_ros_pkgs/gazebo_ros_control) by extension 'python_setup_py'
[0.286s] Level 1:colcon.colcon_core.package_identification:_identify(src/gazebo_ros_pkgs/gazebo_ros_pkgs) by extensions ['ignore', 'ignore_ament_install']
[0.286s] Level 1:colcon.colcon_core.package_identification:_identify(src/gazebo_ros_pkgs/gazebo_ros_pkgs) by extension 'ignore'
[0.286s] Level 1:colcon.colcon_core.package_identification:_identify(src/gazebo_ros_pkgs/gazebo_ros_pkgs) by extension 'ignore_ament_install'
[0.286s] Level 1:colcon.colcon_core.package_identification:_identify(src/gazebo_ros_pkgs/gazebo_ros_pkgs) by extensions ['colcon_pkg']
[0.286s] Level 1:colcon.colcon_core.package_identification:_identify(src/gazebo_ros_pkgs/gazebo_ros_pkgs) by extension 'colcon_pkg'
[0.286s] Level 1:colcon.colcon_core.package_identification:_identify(src/gazebo_ros_pkgs/gazebo_ros_pkgs) by extensions ['colcon_meta']
[0.286s] Level 1:colcon.colcon_core.package_identification:_identify(src/gazebo_ros_pkgs/gazebo_ros_pkgs) by extension 'colcon_meta'
[0.286s] Level 1:colcon.colcon_core.package_identification:_identify(src/gazebo_ros_pkgs/gazebo_ros_pkgs) by extensions ['ros']
[0.286s] Level 1:colcon.colcon_core.package_identification:_identify(src/gazebo_ros_pkgs/gazebo_ros_pkgs) by extension 'ros'
[0.287s] DEBUG:colcon.colcon_core.package_identification:Package 'src/gazebo_ros_pkgs/gazebo_ros_pkgs' with type 'ros.ament_cmake' and name 'gazebo_ros_pkgs'
[0.287s] Level 1:colcon.colcon_core.package_identification:_identify(src/proj-nao-Group3) by extensions ['ignore', 'ignore_ament_install']
[0.287s] Level 1:colcon.colcon_core.package_identification:_identify(src/proj-nao-Group3) by extension 'ignore'
[0.287s] Level 1:colcon.colcon_core.package_identification:_identify(src/proj-nao-Group3) by extension 'ignore_ament_install'
[0.287s] Level 1:colcon.colcon_core.package_identification:_identify(src/proj-nao-Group3) by extensions ['colcon_pkg']
[0.288s] Level 1:colcon.colcon_core.package_identification:_identify(src/proj-nao-Group3) by extension 'colcon_pkg'
[0.288s] Level 1:colcon.colcon_core.package_identification:_identify(src/proj-nao-Group3) by extensions ['colcon_meta']
[0.288s] Level 1:colcon.colcon_core.package_identification:_identify(src/proj-nao-Group3) by extension 'colcon_meta'
[0.288s] Level 1:colcon.colcon_core.package_identification:_identify(src/proj-nao-Group3) by extensions ['ros']
[0.288s] Level 1:colcon.colcon_core.package_identification:_identify(src/proj-nao-Group3) by extension 'ros'
[0.288s] Level 1:colcon.colcon_core.package_identification:_identify(src/proj-nao-Group3) by extensions ['cmake', 'python']
[0.288s] Level 1:colcon.colcon_core.package_identification:_identify(src/proj-nao-Group3) by extension 'cmake'
[0.288s] Level 1:colcon.colcon_core.package_identification:_identify(src/proj-nao-Group3) by extension 'python'
[0.288s] Level 1:colcon.colcon_core.package_identification:_identify(src/proj-nao-Group3) by extensions ['python_setup_py']
[0.288s] Level 1:colcon.colcon_core.package_identification:_identify(src/proj-nao-Group3) by extension 'python_setup_py'
[0.288s] Level 1:colcon.colcon_core.package_identification:_identify(src/proj-nao-Group3/build) by extensions ['ignore', 'ignore_ament_install']
[0.288s] Level 1:colcon.colcon_core.package_identification:_identify(src/proj-nao-Group3/build) by extension 'ignore'
[0.288s] Level 1:colcon.colcon_core.package_identification:_identify(src/proj-nao-Group3/build) ignored
[0.288s] Level 1:colcon.colcon_core.package_identification:_identify(src/proj-nao-Group3/install) by extensions ['ignore', 'ignore_ament_install']
[0.288s] Level 1:colcon.colcon_core.package_identification:_identify(src/proj-nao-Group3/install) by extension 'ignore'
[0.288s] Level 1:colcon.colcon_core.package_identification:_identify(src/proj-nao-Group3/install) ignored
[0.288s] Level 1:colcon.colcon_core.package_identification:_identify(src/proj-nao-Group3/log) by extensions ['ignore', 'ignore_ament_install']
[0.288s] Level 1:colcon.colcon_core.package_identification:_identify(src/proj-nao-Group3/log) by extension 'ignore'
[0.288s] Level 1:colcon.colcon_core.package_identification:_identify(src/proj-nao-Group3/log) ignored
[0.289s] Level 1:colcon.colcon_core.package_identification:_identify(src/proj-nao-Group3/nao_description) by extensions ['ignore', 'ignore_ament_install']
[0.289s] Level 1:colcon.colcon_core.package_identification:_identify(src/proj-nao-Group3/nao_description) by extension 'ignore'
[0.289s] Level 1:colcon.colcon_core.package_identification:_identify(src/proj-nao-Group3/nao_description) by extension 'ignore_ament_install'
[0.289s] Level 1:colcon.colcon_core.package_identification:_identify(src/proj-nao-Group3/nao_description) by extensions ['colcon_pkg']
[0.289s] Level 1:colcon.colcon_core.package_identification:_identify(src/proj-nao-Group3/nao_description) by extension 'colcon_pkg'
[0.289s] Level 1:colcon.colcon_core.package_identification:_identify(src/proj-nao-Group3/nao_description) by extensions ['colcon_meta']
[0.289s] Level 1:colcon.colcon_core.package_identification:_identify(src/proj-nao-Group3/nao_description) by extension 'colcon_meta'
[0.289s] Level 1:colcon.colcon_core.package_identification:_identify(src/proj-nao-Group3/nao_description) by extensions ['ros']
[0.289s] Level 1:colcon.colcon_core.package_identification:_identify(src/proj-nao-Group3/nao_description) by extension 'ros'
[0.290s] DEBUG:colcon.colcon_core.package_identification:Package 'src/proj-nao-Group3/nao_description' with type 'ros.ament_cmake' and name 'nao_description'
[0.290s] Level 1:colcon.colcon_core.package_identification:_identify(src/proj-nao-Group3/nao_moveit_config) by extensions ['ignore', 'ignore_ament_install']
[0.290s] Level 1:colcon.colcon_core.package_identification:_identify(src/proj-nao-Group3/nao_moveit_config) by extension 'ignore'
[0.290s] Level 1:colcon.colcon_core.package_identification:_identify(src/proj-nao-Group3/nao_moveit_config) by extension 'ignore_ament_install'
[0.290s] Level 1:colcon.colcon_core.package_identification:_identify(src/proj-nao-Group3/nao_moveit_config) by extensions ['colcon_pkg']
[0.290s] Level 1:colcon.colcon_core.package_identification:_identify(src/proj-nao-Group3/nao_moveit_config) by extension 'colcon_pkg'
[0.290s] Level 1:colcon.colcon_core.package_identification:_identify(src/proj-nao-Group3/nao_moveit_config) by extensions ['colcon_meta']
[0.290s] Level 1:colcon.colcon_core.package_identification:_identify(src/proj-nao-Group3/nao_moveit_config) by extension 'colcon_meta'
[0.290s] Level 1:colcon.colcon_core.package_identification:_identify(src/proj-nao-Group3/nao_moveit_config) by extensions ['ros']
[0.290s] Level 1:colcon.colcon_core.package_identification:_identify(src/proj-nao-Group3/nao_moveit_config) by extension 'ros'
[0.291s] DEBUG:colcon.colcon_core.package_identification:Package 'src/proj-nao-Group3/nao_moveit_config' with type 'ros.ament_cmake' and name 'nao_moveit_config'
[0.291s] Level 1:colcon.colcon_core.package_identification:_identify(venv-rosdep) by extensions ['ignore', 'ignore_ament_install']
[0.291s] Level 1:colcon.colcon_core.package_identification:_identify(venv-rosdep) by extension 'ignore'
[0.291s] Level 1:colcon.colcon_core.package_identification:_identify(venv-rosdep) by extension 'ignore_ament_install'
[0.291s] Level 1:colcon.colcon_core.package_identification:_identify(venv-rosdep) by extensions ['colcon_pkg']
[0.291s] Level 1:colcon.colcon_core.package_identification:_identify(venv-rosdep) by extension 'colcon_pkg'
[0.291s] Level 1:colcon.colcon_core.package_identification:_identify(venv-rosdep) by extensions ['colcon_meta']
[0.291s] Level 1:colcon.colcon_core.package_identification:_identify(venv-rosdep) by extension 'colcon_meta'
[0.291s] Level 1:colcon.colcon_core.package_identification:_identify(venv-rosdep) by extensions ['ros']
[0.291s] Level 1:colcon.colcon_core.package_identification:_identify(venv-rosdep) by extension 'ros'
[0.291s] Level 1:colcon.colcon_core.package_identification:_identify(venv-rosdep) by extensions ['cmake', 'python']
[0.291s] Level 1:colcon.colcon_core.package_identification:_identify(venv-rosdep) by extension 'cmake'
[0.291s] Level 1:colcon.colcon_core.package_identification:_identify(venv-rosdep) by extension 'python'
[0.291s] Level 1:colcon.colcon_core.package_identification:_identify(venv-rosdep) by extensions ['python_setup_py']
[0.291s] Level 1:colcon.colcon_core.package_identification:_identify(venv-rosdep) by extension 'python_setup_py'
[0.292s] Level 1:colcon.colcon_core.package_identification:_identify(venv-rosdep/bin) by extensions ['ignore', 'ignore_ament_install']
[0.292s] Level 1:colcon.colcon_core.package_identification:_identify(venv-rosdep/bin) by extension 'ignore'
[0.292s] Level 1:colcon.colcon_core.package_identification:_identify(venv-rosdep/bin) by extension 'ignore_ament_install'
[0.292s] Level 1:colcon.colcon_core.package_identification:_identify(venv-rosdep/bin) by extensions ['colcon_pkg']
[0.292s] Level 1:colcon.colcon_core.package_identification:_identify(venv-rosdep/bin) by extension 'colcon_pkg'
[0.292s] Level 1:colcon.colcon_core.package_identification:_identify(venv-rosdep/bin) by extensions ['colcon_meta']
[0.292s] Level 1:colcon.colcon_core.package_identification:_identify(venv-rosdep/bin) by extension 'colcon_meta'
[0.292s] Level 1:colcon.colcon_core.package_identification:_identify(venv-rosdep/bin) by extensions ['ros']
[0.292s] Level 1:colcon.colcon_core.package_identification:_identify(venv-rosdep/bin) by extension 'ros'
[0.292s] Level 1:colcon.colcon_core.package_identification:_identify(venv-rosdep/bin) by extensions ['cmake', 'python']
[0.292s] Level 1:colcon.colcon_core.package_identification:_identify(venv-rosdep/bin) by extension 'cmake'
[0.292s] Level 1:colcon.colcon_core.package_identification:_identify(venv-rosdep/bin) by extension 'python'
[0.292s] Level 1:colcon.colcon_core.package_identification:_identify(venv-rosdep/bin) by extensions ['python_setup_py']
[0.292s] Level 1:colcon.colcon_core.package_identification:_identify(venv-rosdep/bin) by extension 'python_setup_py'
[0.292s] Level 1:colcon.colcon_core.package_identification:_identify(venv-rosdep/include) by extensions ['ignore', 'ignore_ament_install']
[0.292s] Level 1:colcon.colcon_core.package_identification:_identify(venv-rosdep/include) by extension 'ignore'
[0.292s] Level 1:colcon.colcon_core.package_identification:_identify(venv-rosdep/include) by extension 'ignore_ament_install'
[0.292s] Level 1:colcon.colcon_core.package_identification:_identify(venv-rosdep/include) by extensions ['colcon_pkg']
[0.292s] Level 1:colcon.colcon_core.package_identification:_identify(venv-rosdep/include) by extension 'colcon_pkg'
[0.292s] Level 1:colcon.colcon_core.package_identification:_identify(venv-rosdep/include) by extensions ['colcon_meta']
[0.292s] Level 1:colcon.colcon_core.package_identification:_identify(venv-rosdep/include) by extension 'colcon_meta'
[0.293s] Level 1:colcon.colcon_core.package_identification:_identify(venv-rosdep/include) by extensions ['ros']
[0.293s] Level 1:colcon.colcon_core.package_identification:_identify(venv-rosdep/include) by extension 'ros'
[0.293s] Level 1:colcon.colcon_core.package_identification:_identify(venv-rosdep/include) by extensions ['cmake', 'python']
[0.293s] Level 1:colcon.colcon_core.package_identification:_identify(venv-rosdep/include) by extension 'cmake'
[0.293s] Level 1:colcon.colcon_core.package_identification:_identify(venv-rosdep/include) by extension 'python'
[0.293s] Level 1:colcon.colcon_core.package_identification:_identify(venv-rosdep/include) by extensions ['python_setup_py']
[0.293s] Level 1:colcon.colcon_core.package_identification:_identify(venv-rosdep/include) by extension 'python_setup_py'
[0.293s] Level 1:colcon.colcon_core.package_identification:_identify(venv-rosdep/include/python3.12) by extensions ['ignore', 'ignore_ament_install']
[0.293s] Level 1:colcon.colcon_core.package_identification:_identify(venv-rosdep/include/python3.12) by extension 'ignore'
[0.293s] Level 1:colcon.colcon_core.package_identification:_identify(venv-rosdep/include/python3.12) by extension 'ignore_ament_install'
[0.293s] Level 1:colcon.colcon_core.package_identification:_identify(venv-rosdep/include/python3.12) by extensions ['colcon_pkg']
[0.293s] Level 1:colcon.colcon_core.package_identification:_identify(venv-rosdep/include/python3.12) by extension 'colcon_pkg'
[0.293s] Level 1:colcon.colcon_core.package_identification:_identify(venv-rosdep/include/python3.12) by extensions ['colcon_meta']
[0.293s] Level 1:colcon.colcon_core.package_identification:_identify(venv-rosdep/include/python3.12) by extension 'colcon_meta'
[0.293s] Level 1:colcon.colcon_core.package_identification:_identify(venv-rosdep/include/python3.12) by extensions ['ros']
[0.293s] Level 1:colcon.colcon_core.package_identification:_identify(venv-rosdep/include/python3.12) by extension 'ros'
[0.293s] Level 1:colcon.colcon_core.package_identification:_identify(venv-rosdep/include/python3.12) by extensions ['cmake', 'python']
[0.293s] Level 1:colcon.colcon_core.package_identification:_identify(venv-rosdep/include/python3.12) by extension 'cmake'
[0.293s] Level 1:colcon.colcon_core.package_identification:_identify(venv-rosdep/include/python3.12) by extension 'python'
[0.293s] Level 1:colcon.colcon_core.package_identification:_identify(venv-rosdep/include/python3.12) by extensions ['python_setup_py']
[0.293s] Level 1:colcon.colcon_core.package_identification:_identify(venv-rosdep/include/python3.12) by extension 'python_setup_py'
[0.293s] Level 1:colcon.colcon_core.package_identification:_identify(venv-rosdep/lib) by extensions ['ignore', 'ignore_ament_install']
[0.293s] Level 1:colcon.colcon_core.package_identification:_identify(venv-rosdep/lib) by extension 'ignore'
[0.294s] Level 1:colcon.colcon_core.package_identification:_identify(venv-rosdep/lib) by extension 'ignore_ament_install'
[0.294s] Level 1:colcon.colcon_core.package_identification:_identify(venv-rosdep/lib) by extensions ['colcon_pkg']
[0.294s] Level 1:colcon.colcon_core.package_identification:_identify(venv-rosdep/lib) by extension 'colcon_pkg'
[0.294s] Level 1:colcon.colcon_core.package_identification:_identify(venv-rosdep/lib) by extensions ['colcon_meta']
[0.294s] Level 1:colcon.colcon_core.package_identification:_identify(venv-rosdep/lib) by extension 'colcon_meta'
[0.294s] Level 1:colcon.colcon_core.package_identification:_identify(venv-rosdep/lib) by extensions ['ros']
[0.294s] Level 1:colcon.colcon_core.package_identification:_identify(venv-rosdep/lib) by extension 'ros'
[0.294s] Level 1:colcon.colcon_core.package_identification:_identify(venv-rosdep/lib) by extensions ['cmake', 'python']
[0.294s] Level 1:colcon.colcon_core.package_identification:_identify(venv-rosdep/lib) by extension 'cmake'
[0.294s] Level 1:colcon.colcon_core.package_identification:_identify(venv-rosdep/lib) by extension 'python'
[0.294s] Level 1:colcon.colcon_core.package_identification:_identify(venv-rosdep/lib) by extensions ['python_setup_py']
[0.294s] Level 1:colcon.colcon_core.package_identification:_identify(venv-rosdep/lib) by extension 'python_setup_py'
[0.294s] Level 1:colcon.colcon_core.package_identification:_identify(venv-rosdep/lib/python3.12) by extensions ['ignore', 'ignore_ament_install']
[0.294s] Level 1:colcon.colcon_core.package_identification:_identify(venv-rosdep/lib/python3.12) by extension 'ignore'
[0.294s] Level 1:colcon.colcon_core.package_identification:_identify(venv-rosdep/lib/python3.12) by extension 'ignore_ament_install'
[0.294s] Level 1:colcon.colcon_core.package_identification:_identify(venv-rosdep/lib/python3.12) by extensions ['colcon_pkg']
[0.294s] Level 1:colcon.colcon_core.package_identification:_identify(venv-rosdep/lib/python3.12) by extension 'colcon_pkg'
[0.294s] Level 1:colcon.colcon_core.package_identification:_identify(venv-rosdep/lib/python3.12) by extensions ['colcon_meta']
[0.294s] Level 1:colcon.colcon_core.package_identification:_identify(venv-rosdep/lib/python3.12) by extension 'colcon_meta'
[0.294s] Level 1:colcon.colcon_core.package_identification:_identify(venv-rosdep/lib/python3.12) by extensions ['ros']
[0.294s] Level 1:colcon.colcon_core.package_identification:_identify(venv-rosdep/lib/python3.12) by extension 'ros'
[0.294s] Level 1:colcon.colcon_core.package_identification:_identify(venv-rosdep/lib/python3.12) by extensions ['cmake', 'python']
[0.294s] Level 1:colcon.colcon_core.package_identification:_identify(venv-rosdep/lib/python3.12) by extension 'cmake'
[0.294s] Level 1:colcon.colcon_core.package_identification:_identify(venv-rosdep/lib/python3.12) by extension 'python'
[0.294s] Level 1:colcon.colcon_core.package_identification:_identify(venv-rosdep/lib/python3.12) by extensions ['python_setup_py']
[0.294s] Level 1:colcon.colcon_core.package_identification:_identify(venv-rosdep/lib/python3.12) by extension 'python_setup_py'
[0.295s] Level 1:colcon.colcon_core.package_identification:_identify(venv-rosdep/lib/python3.12/site-packages) by extensions ['ignore', 'ignore_ament_install']
[0.295s] Level 1:colcon.colcon_core.package_identification:_identify(venv-rosdep/lib/python3.12/site-packages) by extension 'ignore'
[0.295s] Level 1:colcon.colcon_core.package_identification:_identify(venv-rosdep/lib/python3.12/site-packages) by extension 'ignore_ament_install'
[0.295s] Level 1:colcon.colcon_core.package_identification:_identify(venv-rosdep/lib/python3.12/site-packages) by extensions ['colcon_pkg']
[0.295s] Level 1:colcon.colcon_core.package_identification:_identify(venv-rosdep/lib/python3.12/site-packages) by extension 'colcon_pkg'
[0.295s] Level 1:colcon.colcon_core.package_identification:_identify(venv-rosdep/lib/python3.12/site-packages) by extensions ['colcon_meta']
[0.295s] Level 1:colcon.colcon_core.package_identification:_identify(venv-rosdep/lib/python3.12/site-packages) by extension 'colcon_meta'
[0.295s] Level 1:colcon.colcon_core.package_identification:_identify(venv-rosdep/lib/python3.12/site-packages) by extensions ['ros']
[0.295s] Level 1:colcon.colcon_core.package_identification:_identify(venv-rosdep/lib/python3.12/site-packages) by extension 'ros'
[0.295s] Level 1:colcon.colcon_core.package_identification:_identify(venv-rosdep/lib/python3.12/site-packages) by extensions ['cmake', 'python']
[0.295s] Level 1:colcon.colcon_core.package_identification:_identify(venv-rosdep/lib/python3.12/site-packages) by extension 'cmake'
[0.295s] Level 1:colcon.colcon_core.package_identification:_identify(venv-rosdep/lib/python3.12/site-packages) by extension 'python'
[0.295s] Level 1:colcon.colcon_core.package_identification:_identify(venv-rosdep/lib/python3.12/site-packages) by extensions ['python_setup_py']
[0.295s] Level 1:colcon.colcon_core.package_identification:_identify(venv-rosdep/lib/python3.12/site-packages) by extension 'python_setup_py'
[0.295s] Level 1:colcon.colcon_core.package_discovery:discover_packages(recursive) using defaults
[0.295s] Level 1:colcon.colcon_core.package_discovery:discover_packages(ignore) discover
[0.295s] Level 1:colcon.colcon_core.package_discovery:discover_packages(ignore) using defaults
[0.295s] Level 1:colcon.colcon_core.package_discovery:discover_packages(path) discover
[0.295s] Level 1:colcon.colcon_core.package_discovery:discover_packages(path) using defaults
[0.317s] INFO:colcon.colcon_metadata.metadata.colcon_pkg:Updating descriptor of package 'src/gazebo_ros_pkgs/gazebo_dev' from colcon.pkg: {'dependencies': ['Gazebo']}
[0.317s] INFO:colcon.colcon_metadata.metadata.colcon_pkg:Updating descriptor of package 'src/gazebo_ros_pkgs/gazebo_plugins' from colcon.pkg: {'dependencies': ['Gazebo']}
[0.317s] INFO:colcon.colcon_metadata.metadata.colcon_pkg:Updating descriptor of package 'src/gazebo_ros_pkgs/gazebo_ros' from colcon.pkg: {'dependencies': ['Gazebo']}
[0.320s] INFO:colcon.colcon_core.package_selection:Skipping not selected package 'gazebo_dev' in 'src/gazebo_ros_pkgs/gazebo_dev'
[0.320s] INFO:colcon.colcon_core.package_selection:Skipping not selected package 'gazebo_msgs' in 'src/gazebo_ros_pkgs/gazebo_msgs'
[0.320s] INFO:colcon.colcon_core.package_selection:Skipping not selected package 'nao_description' in 'src/proj-nao-Group3/nao_description'
[0.320s] INFO:colcon.colcon_core.package_selection:Skipping not selected package 'gazebo_ros' in 'src/gazebo_ros_pkgs/gazebo_ros'
[0.320s] INFO:colcon.colcon_core.package_selection:Skipping not selected package 'gazebo_plugins' in 'src/gazebo_ros_pkgs/gazebo_plugins'
[0.320s] INFO:colcon.colcon_core.package_selection:Skipping not selected package 'gazebo_ros_pkgs' in 'src/gazebo_ros_pkgs/gazebo_ros_pkgs'
[0.321s] Level 1:colcon.colcon_core.package_discovery:discover_packages(prefix_path) check parameters
[0.321s] Level 1:colcon.colcon_core.package_discovery:discover_packages(prefix_path) discover
[0.325s] DEBUG:colcon.colcon_installed_package_information.package_discovery:Found 6 installed packages in /home/ahmed/nao_ws/install
[0.326s] DEBUG:colcon.colcon_installed_package_information.package_discovery:Found 415 installed packages in /opt/ros/jazzy
[0.327s] Level 1:colcon.colcon_core.package_discovery:discover_packages(prefix_path) using defaults
[0.381s] Level 5:colcon.colcon_core.verb:set package 'nao_moveit_config' build argument 'cmake_args' from command line to 'None'
[0.381s] Level 5:colcon.colcon_core.verb:set package 'nao_moveit_config' build argument 'cmake_target' from command line to 'None'
[0.381s] Level 5:colcon.colcon_core.verb:set package 'nao_moveit_config' build argument 'cmake_target_skip_unavailable' from command line to 'False'
[0.381s] Level 5:colcon.colcon_core.verb:set package 'nao_moveit_config' build argument 'cmake_clean_cache' from command line to 'False'
[0.381s] Level 5:colcon.colcon_core.verb:set package 'nao_moveit_config' build argument 'cmake_clean_first' from command line to 'False'
[0.381s] Level 5:colcon.colcon_core.verb:set package 'nao_moveit_config' build argument 'cmake_force_configure' from command line to 'False'
[0.381s] Level 5:colcon.colcon_core.verb:set package 'nao_moveit_config' build argument 'ament_cmake_args' from command line to 'None'
[0.381s] Level 5:colcon.colcon_core.verb:set package 'nao_moveit_config' build argument 'catkin_cmake_args' from command line to 'None'
[0.381s] Level 5:colcon.colcon_core.verb:set package 'nao_moveit_config' build argument 'catkin_skip_building_tests' from command line to 'False'
[0.381s] DEBUG:colcon.colcon_core.verb:Building package 'nao_moveit_config' with the following arguments: {'ament_cmake_args': None, 'build_base': '/home/ahmed/nao_ws/build/nao_moveit_config', 'catkin_cmake_args': None, 'catkin_skip_building_tests': False, 'cmake_args': None, 'cmake_clean_cache': False, 'cmake_clean_first': False, 'cmake_force_configure': False, 'cmake_target': None, 'cmake_target_skip_unavailable': False, 'install_base': '/home/ahmed/nao_ws/install/nao_moveit_config', 'merge_install': False, 'path': '/home/ahmed/nao_ws/src/proj-nao-Group3/nao_moveit_config', 'symlink_install': False, 'test_result_base': None}
[0.381s] INFO:colcon.colcon_core.executor:Executing jobs using 'parallel' executor
[0.382s] DEBUG:colcon.colcon_parallel_executor.executor.parallel:run_until_complete
[0.382s] INFO:colcon.colcon_ros.task.ament_cmake.build:Building ROS package in '/home/ahmed/nao_ws/src/proj-nao-Group3/nao_moveit_config' with build type 'ament_cmake'
[0.382s] INFO:colcon.colcon_cmake.task.cmake.build:Building CMake package in '/home/ahmed/nao_ws/src/proj-nao-Group3/nao_moveit_config'
[0.388s] INFO:colcon.colcon_core.plugin_system:Skipping extension 'colcon_core.shell.bat': Not used on non-Windows systems
[0.389s] INFO:colcon.colcon_core.shell:Skip shell extension 'powershell' for command environment: Not usable outside of PowerShell
[0.389s] DEBUG:colcon.colcon_core.shell:Skip shell extension 'dsv' for command environment
[0.397s] DEBUG:colcon.colcon_core.event_handler.log_command:Invoking command in '/home/ahmed/nao_ws/build/nao_moveit_config': CMAKE_PREFIX_PATH=${CMAKE_PREFIX_PATH}:/opt/ros/jazzy DEBUGINFOD_URLS=https://debuginfod.ubuntu.com /usr/bin/cmake --build /home/ahmed/nao_ws/build/nao_moveit_config -- -j8 -l8
[0.462s] DEBUG:colcon.colcon_core.event_handler.log_command:Invoked command in '/home/ahmed/nao_ws/build/nao_moveit_config' returned '0': CMAKE_PREFIX_PATH=${CMAKE_PREFIX_PATH}:/opt/ros/jazzy DEBUGINFOD_URLS=https://debuginfod.ubuntu.com /usr/bin/cmake --build /home/ahmed/nao_ws/build/nao_moveit_config -- -j8 -l8
[0.483s] DEBUG:colcon.colcon_core.event_handler.log_command:Invoking command in '/home/ahmed/nao_ws/build/nao_moveit_config': CMAKE_PREFIX_PATH=${CMAKE_PREFIX_PATH}:/opt/ros/jazzy DEBUGINFOD_URLS=https://debuginfod.ubuntu.com /usr/bin/cmake --install /home/ahmed/nao_ws/build/nao_moveit_config
[0.506s] Level 1:colcon.colcon_core.environment:create_environment_scripts_only(nao_moveit_config)
[0.519s] DEBUG:colcon.colcon_core.event_handler.log_command:Invoked command in '/home/ahmed/nao_ws/build/nao_moveit_config' returned '0': CMAKE_PREFIX_PATH=${CMAKE_PREFIX_PATH}:/opt/ros/jazzy DEBUGINFOD_URLS=https://debuginfod.ubuntu.com /usr/bin/cmake --install /home/ahmed/nao_ws/build/nao_moveit_config
[0.525s] Level 1:colcon.colcon_core.environment:checking '/home/ahmed/nao_ws/install/nao_moveit_config' for CMake module files
[0.526s] Level 1:colcon.colcon_core.environment:checking '/home/ahmed/nao_ws/install/nao_moveit_config' for CMake config files
[0.527s] Level 1:colcon.colcon_core.shell:create_environment_hook('nao_moveit_config', 'cmake_prefix_path')
[0.527s] INFO:colcon.colcon_core.shell:Creating environment hook '/home/ahmed/nao_ws/install/nao_moveit_config/share/nao_moveit_config/hook/cmake_prefix_path.ps1'
[0.528s] INFO:colcon.colcon_core.shell:Creating environment descriptor '/home/ahmed/nao_ws/install/nao_moveit_config/share/nao_moveit_config/hook/cmake_prefix_path.dsv'
[0.529s] INFO:colcon.colcon_core.shell:Creating environment hook '/home/ahmed/nao_ws/install/nao_moveit_config/share/nao_moveit_config/hook/cmake_prefix_path.sh'
[0.531s] Level 1:colcon.colcon_core.environment:checking '/home/ahmed/nao_ws/install/nao_moveit_config/bin'
[0.531s] Level 1:colcon.colcon_core.environment:checking '/home/ahmed/nao_ws/install/nao_moveit_config/lib/pkgconfig/nao_moveit_config.pc'
[0.531s] Level 1:colcon.colcon_core.environment:checking '/home/ahmed/nao_ws/install/nao_moveit_config/lib/python3.12/site-packages'
[0.532s] Level 1:colcon.colcon_core.environment:checking '/home/ahmed/nao_ws/install/nao_moveit_config/bin'
[0.533s] INFO:colcon.colcon_core.shell:Creating package script '/home/ahmed/nao_ws/install/nao_moveit_config/share/nao_moveit_config/package.ps1'
[0.534s] INFO:colcon.colcon_core.shell:Creating package descriptor '/home/ahmed/nao_ws/install/nao_moveit_config/share/nao_moveit_config/package.dsv'
[0.535s] INFO:colcon.colcon_core.shell:Creating package script '/home/ahmed/nao_ws/install/nao_moveit_config/share/nao_moveit_config/package.sh'
[0.536s] INFO:colcon.colcon_core.shell:Creating package script '/home/ahmed/nao_ws/install/nao_moveit_config/share/nao_moveit_config/package.bash'
[0.537s] INFO:colcon.colcon_core.shell:Creating package script '/home/ahmed/nao_ws/install/nao_moveit_config/share/nao_moveit_config/package.zsh'
[0.538s] Level 1:colcon.colcon_core.environment:create_file_with_runtime_dependencies(/home/ahmed/nao_ws/install/nao_moveit_config/share/colcon-core/packages/nao_moveit_config)
[0.539s] Level 1:colcon.colcon_core.environment:create_environment_scripts_only(nao_moveit_config)
[0.539s] Level 1:colcon.colcon_core.environment:checking '/home/ahmed/nao_ws/install/nao_moveit_config' for CMake module files
[0.540s] Level 1:colcon.colcon_core.environment:checking '/home/ahmed/nao_ws/install/nao_moveit_config' for CMake config files
[0.541s] Level 1:colcon.colcon_core.shell:create_environment_hook('nao_moveit_config', 'cmake_prefix_path')
[0.541s] INFO:colcon.colcon_core.shell:Creating environment hook '/home/ahmed/nao_ws/install/nao_moveit_config/share/nao_moveit_config/hook/cmake_prefix_path.ps1'
[0.541s] INFO:colcon.colcon_core.shell:Creating environment descriptor '/home/ahmed/nao_ws/install/nao_moveit_config/share/nao_moveit_config/hook/cmake_prefix_path.dsv'
[0.542s] INFO:colcon.colcon_core.shell:Creating environment hook '/home/ahmed/nao_ws/install/nao_moveit_config/share/nao_moveit_config/hook/cmake_prefix_path.sh'
[0.543s] Level 1:colcon.colcon_core.environment:checking '/home/ahmed/nao_ws/install/nao_moveit_config/bin'
[0.543s] Level 1:colcon.colcon_core.environment:checking '/home/ahmed/nao_ws/install/nao_moveit_config/lib/pkgconfig/nao_moveit_config.pc'
[0.543s] Level 1:colcon.colcon_core.environment:checking '/home/ahmed/nao_ws/install/nao_moveit_config/lib/python3.12/site-packages'
[0.544s] Level 1:colcon.colcon_core.environment:checking '/home/ahmed/nao_ws/install/nao_moveit_config/bin'
[0.544s] INFO:colcon.colcon_core.shell:Creating package script '/home/ahmed/nao_ws/install/nao_moveit_config/share/nao_moveit_config/package.ps1'
[0.545s] INFO:colcon.colcon_core.shell:Creating package descriptor '/home/ahmed/nao_ws/install/nao_moveit_config/share/nao_moveit_config/package.dsv'
[0.545s] INFO:colcon.colcon_core.shell:Creating package script '/home/ahmed/nao_ws/install/nao_moveit_config/share/nao_moveit_config/package.sh'
[0.546s] INFO:colcon.colcon_core.shell:Creating package script '/home/ahmed/nao_ws/install/nao_moveit_config/share/nao_moveit_config/package.bash'
[0.546s] INFO:colcon.colcon_core.shell:Creating package script '/home/ahmed/nao_ws/install/nao_moveit_config/share/nao_moveit_config/package.zsh'
[0.547s] Level 1:colcon.colcon_core.environment:create_file_with_runtime_dependencies(/home/ahmed/nao_ws/install/nao_moveit_config/share/colcon-core/packages/nao_moveit_config)
[0.547s] DEBUG:colcon.colcon_parallel_executor.executor.parallel:closing loop
[0.548s] DEBUG:colcon.colcon_parallel_executor.executor.parallel:loop closed
[0.548s] DEBUG:colcon.colcon_parallel_executor.executor.parallel:run_until_complete finished with '0'
[0.548s] DEBUG:colcon.colcon_core.event_reactor:joining thread
[0.561s] INFO:colcon.colcon_core.plugin_system:Skipping extension 'colcon_notification.desktop_notification.terminal_notifier': Not used on non-Darwin systems
[0.562s] INFO:colcon.colcon_core.plugin_system:Skipping extension 'colcon_notification.desktop_notification.win32': Not used on non-Windows systems
[0.562s] INFO:colcon.colcon_notification.desktop_notification:Sending desktop notification using 'notify2'
[0.579s] DEBUG:colcon.colcon_core.event_reactor:joined thread
[0.579s] INFO:colcon.colcon_core.shell:Creating prefix script '/home/ahmed/nao_ws/install/local_setup.ps1'
[0.581s] INFO:colcon.colcon_core.shell:Creating prefix util module '/home/ahmed/nao_ws/install/_local_setup_util_ps1.py'
[0.583s] INFO:colcon.colcon_core.shell:Creating prefix chain script '/home/ahmed/nao_ws/install/setup.ps1'
[0.585s] INFO:colcon.colcon_core.shell:Creating prefix script '/home/ahmed/nao_ws/install/local_setup.sh'
[0.586s] INFO:colcon.colcon_core.shell:Creating prefix util module '/home/ahmed/nao_ws/install/_local_setup_util_sh.py'
[0.587s] INFO:colcon.colcon_core.shell:Creating prefix chain script '/home/ahmed/nao_ws/install/setup.sh'
[0.589s] INFO:colcon.colcon_core.shell:Creating prefix script '/home/ahmed/nao_ws/install/local_setup.bash'
[0.589s] INFO:colcon.colcon_core.shell:Creating prefix chain script '/home/ahmed/nao_ws/install/setup.bash'
[0.590s] INFO:colcon.colcon_core.shell:Creating prefix script '/home/ahmed/nao_ws/install/local_setup.zsh'
[0.591s] INFO:colcon.colcon_core.shell:Creating prefix chain script '/home/ahmed/nao_ws/install/setup.zsh'
